<?xml version="1.0" encoding="UTF-8"?>
<testsuite name="chapter03.MyDocsJavaTest" tests="3" skipped="0" failures="0" errors="0" timestamp="2023-05-31T21:14:44" hostname="DESKTOP-V3QDITO" time="0.0">
  <properties/>
  <testcase name="testEngineNonNull" classname="chapter03.MyDocsJavaTest" time="0.0"/>
  <testcase name="testFindByType" classname="chapter03.MyDocsJavaTest" time="0.0"/>
  <testcase name="testListAll" classname="chapter03.MyDocsJavaTest" time="0.0"/>
  <system-out><![CDATA[]]></system-out>
  <system-err><![CDATA[]]></system-err>
</testsuite>
