<?xml version="1.0" encoding="UTF-8"?>
<testsuite name="chapter03.MyDocsXMLTest" tests="3" skipped="0" failures="0" errors="0" timestamp="2023-05-31T21:14:44" hostname="DESKTOP-V3QDITO" time="0.003">
  <properties/>
  <testcase name="testEngineNonNull" classname="chapter03.MyDocsXMLTest" time="0.0"/>
  <testcase name="testFindByType" classname="chapter03.MyDocsXMLTest" time="0.0"/>
  <testcase name="testListAll" classname="chapter03.MyDocsXMLTest" time="0.0"/>
  <system-out><![CDATA[17:14:44.528 [Test worker] DEBUG org.springframework.test.context.support.AbstractDirtiesContextTestExecutionListener - Before test class: context [DefaultTestContext@5c089b2f testClass = MyDocsXMLTest, testInstance = [null], testMethod = [null], testException = [null], mergedContextConfiguration = [MergedContextConfiguration@6999cd39 testClass = MyDocsXMLTest, locations = '{classpath:/documents.xml}', classes = '{}', contextInitializerClasses = '[]', activeProfiles = '{}', propertySourceLocations = '{}', propertySourceProperties = '{}', contextCustomizers = set[[empty]], contextLoader = 'org.springframework.test.context.support.DelegatingSmartContextLoader', parent = [null]], attributes = map[[empty]]], class annotated with @DirtiesContext [false] with mode [null].
17:14:44.528 [Test worker] DEBUG org.springframework.test.context.support.DependencyInjectionTestExecutionListener - Performing dependency injection for test context [[DefaultTestContext@5c089b2f testClass = MyDocsXMLTest, testInstance = chapter03.MyDocsXMLTest@4716be8b, testMethod = [null], testException = [null], mergedContextConfiguration = [MergedContextConfiguration@6999cd39 testClass = MyDocsXMLTest, locations = '{classpath:/documents.xml}', classes = '{}', contextInitializerClasses = '[]', activeProfiles = '{}', propertySourceLocations = '{}', propertySourceProperties = '{}', contextCustomizers = set[[empty]], contextLoader = 'org.springframework.test.context.support.DelegatingSmartContextLoader', parent = [null]], attributes = map['org.springframework.test.context.event.ApplicationEventsTestExecutionListener.recordApplicationEvents' -> false]]].
17:14:44.528 [Test worker] DEBUG org.springframework.test.context.support.AbstractDelegatingSmartContextLoader - Delegating to GenericXmlContextLoader to load context from [MergedContextConfiguration@6999cd39 testClass = MyDocsXMLTest, locations = '{classpath:/documents.xml}', classes = '{}', contextInitializerClasses = '[]', activeProfiles = '{}', propertySourceLocations = '{}', propertySourceProperties = '{}', contextCustomizers = set[[empty]], contextLoader = 'org.springframework.test.context.support.DelegatingSmartContextLoader', parent = [null]].
17:14:44.528 [Test worker] DEBUG org.springframework.test.context.support.AbstractGenericContextLoader - Loading ApplicationContext for merged context configuration [[MergedContextConfiguration@6999cd39 testClass = MyDocsXMLTest, locations = '{classpath:/documents.xml}', classes = '{}', contextInitializerClasses = '[]', activeProfiles = '{}', propertySourceLocations = '{}', propertySourceProperties = '{}', contextCustomizers = set[[empty]], contextLoader = 'org.springframework.test.context.support.DelegatingSmartContextLoader', parent = [null]]].
17:14:44.528 [Test worker] DEBUG org.springframework.core.env.StandardEnvironment - Activating profiles []
17:14:44.539 [Test worker] DEBUG org.springframework.beans.factory.xml.XmlBeanDefinitionReader - Loaded 1 bean definitions from class path resource [documents.xml]
17:14:44.539 [Test worker] DEBUG org.springframework.context.support.GenericApplicationContext - Refreshing org.springframework.context.support.GenericApplicationContext@7ed9ae94
17:14:44.539 [Test worker] DEBUG org.springframework.beans.factory.support.DefaultListableBeanFactory - Creating shared instance of singleton bean 'org.springframework.context.annotation.internalConfigurationAnnotationProcessor'
17:14:44.540 [Test worker] DEBUG org.springframework.beans.factory.support.DefaultListableBeanFactory - Creating shared instance of singleton bean 'org.springframework.context.event.internalEventListenerProcessor'
17:14:44.541 [Test worker] DEBUG org.springframework.beans.factory.support.DefaultListableBeanFactory - Creating shared instance of singleton bean 'org.springframework.context.event.internalEventListenerFactory'
17:14:44.541 [Test worker] DEBUG org.springframework.beans.factory.support.DefaultListableBeanFactory - Creating shared instance of singleton bean 'org.springframework.context.annotation.internalAutowiredAnnotationProcessor'
17:14:44.541 [Test worker] DEBUG org.springframework.beans.factory.support.DefaultListableBeanFactory - Creating shared instance of singleton bean 'engine'
17:14:44.542 [Test worker] DEBUG org.springframework.test.context.cache.DefaultCacheAwareContextLoaderDelegate - Storing ApplicationContext [2128195220] in cache under key [[MergedContextConfiguration@6999cd39 testClass = MyDocsXMLTest, locations = '{classpath:/documents.xml}', classes = '{}', contextInitializerClasses = '[]', activeProfiles = '{}', propertySourceLocations = '{}', propertySourceProperties = '{}', contextCustomizers = set[[empty]], contextLoader = 'org.springframework.test.context.support.DelegatingSmartContextLoader', parent = [null]]]
17:14:44.542 [Test worker] DEBUG org.springframework.test.context.cache - Spring test ApplicationContext cache statistics: [DefaultContextCache@29006752 size = 5, maxSize = 32, parentContextCount = 0, hitCount = 32, missCount = 5]
17:14:44.543 [Test worker] DEBUG org.springframework.test.context.cache.DefaultCacheAwareContextLoaderDelegate - Retrieved ApplicationContext [2128195220] from cache with key [[MergedContextConfiguration@6999cd39 testClass = MyDocsXMLTest, locations = '{classpath:/documents.xml}', classes = '{}', contextInitializerClasses = '[]', activeProfiles = '{}', propertySourceLocations = '{}', propertySourceProperties = '{}', contextCustomizers = set[[empty]], contextLoader = 'org.springframework.test.context.support.DelegatingSmartContextLoader', parent = [null]]]
17:14:44.543 [Test worker] DEBUG org.springframework.test.context.cache - Spring test ApplicationContext cache statistics: [DefaultContextCache@29006752 size = 5, maxSize = 32, parentContextCount = 0, hitCount = 33, missCount = 5]
17:14:44.544 [Test worker] DEBUG org.springframework.test.context.support.AbstractDirtiesContextTestExecutionListener - Before test method: context [DefaultTestContext@5c089b2f testClass = MyDocsXMLTest, testInstance = chapter03.MyDocsXMLTest@4716be8b, testMethod = testEngineNonNull@MyDocsBaseTest, testException = [null], mergedContextConfiguration = [MergedContextConfiguration@6999cd39 testClass = MyDocsXMLTest, locations = '{classpath:/documents.xml}', classes = '{}', contextInitializerClasses = '[]', activeProfiles = '{}', propertySourceLocations = '{}', propertySourceProperties = '{}', contextCustomizers = set[[empty]], contextLoader = 'org.springframework.test.context.support.DelegatingSmartContextLoader', parent = [null]], attributes = map['org.springframework.test.context.event.ApplicationEventsTestExecutionListener.recordApplicationEvents' -> false]], class annotated with @DirtiesContext [false] with mode [null], method annotated with @DirtiesContext [false] with mode [null].
17:14:44.544 [Test worker] DEBUG org.springframework.test.context.cache.DefaultCacheAwareContextLoaderDelegate - Retrieved ApplicationContext [2128195220] from cache with key [[MergedContextConfiguration@6999cd39 testClass = MyDocsXMLTest, locations = '{classpath:/documents.xml}', classes = '{}', contextInitializerClasses = '[]', activeProfiles = '{}', propertySourceLocations = '{}', propertySourceProperties = '{}', contextCustomizers = set[[empty]], contextLoader = 'org.springframework.test.context.support.DelegatingSmartContextLoader', parent = [null]]]
17:14:44.544 [Test worker] DEBUG org.springframework.test.context.cache - Spring test ApplicationContext cache statistics: [DefaultContextCache@29006752 size = 5, maxSize = 32, parentContextCount = 0, hitCount = 34, missCount = 5]
17:14:44.545 [Test worker] DEBUG org.springframework.test.context.cache.DefaultCacheAwareContextLoaderDelegate - Retrieved ApplicationContext [2128195220] from cache with key [[MergedContextConfiguration@6999cd39 testClass = MyDocsXMLTest, locations = '{classpath:/documents.xml}', classes = '{}', contextInitializerClasses = '[]', activeProfiles = '{}', propertySourceLocations = '{}', propertySourceProperties = '{}', contextCustomizers = set[[empty]], contextLoader = 'org.springframework.test.context.support.DelegatingSmartContextLoader', parent = [null]]]
17:14:44.545 [Test worker] DEBUG org.springframework.test.context.cache - Spring test ApplicationContext cache statistics: [DefaultContextCache@29006752 size = 5, maxSize = 32, parentContextCount = 0, hitCount = 35, missCount = 5]
17:14:44.545 [Test worker] DEBUG org.springframework.test.context.support.AbstractDirtiesContextTestExecutionListener - After test method: context [DefaultTestContext@5c089b2f testClass = MyDocsXMLTest, testInstance = chapter03.MyDocsXMLTest@4716be8b, testMethod = testEngineNonNull@MyDocsBaseTest, testException = [null], mergedContextConfiguration = [MergedContextConfiguration@6999cd39 testClass = MyDocsXMLTest, locations = '{classpath:/documents.xml}', classes = '{}', contextInitializerClasses = '[]', activeProfiles = '{}', propertySourceLocations = '{}', propertySourceProperties = '{}', contextCustomizers = set[[empty]], contextLoader = 'org.springframework.test.context.support.DelegatingSmartContextLoader', parent = [null]], attributes = map['org.springframework.test.context.event.ApplicationEventsTestExecutionListener.recordApplicationEvents' -> false]], class annotated with @DirtiesContext [false] with mode [null], method annotated with @DirtiesContext [false] with mode [null].
17:14:44.545 [Test worker] DEBUG org.springframework.test.context.support.AbstractDirtiesContextTestExecutionListener - Before test method: context [DefaultTestContext@5c089b2f testClass = MyDocsXMLTest, testInstance = chapter03.MyDocsXMLTest@4716be8b, testMethod = testFindByType@MyDocsBaseTest, testException = [null], mergedContextConfiguration = [MergedContextConfiguration@6999cd39 testClass = MyDocsXMLTest, locations = '{classpath:/documents.xml}', classes = '{}', contextInitializerClasses = '[]', activeProfiles = '{}', propertySourceLocations = '{}', propertySourceProperties = '{}', contextCustomizers = set[[empty]], contextLoader = 'org.springframework.test.context.support.DelegatingSmartContextLoader', parent = [null]], attributes = map['org.springframework.test.context.event.ApplicationEventsTestExecutionListener.recordApplicationEvents' -> false]], class annotated with @DirtiesContext [false] with mode [null], method annotated with @DirtiesContext [false] with mode [null].
17:14:44.545 [Test worker] DEBUG org.springframework.test.context.cache.DefaultCacheAwareContextLoaderDelegate - Retrieved ApplicationContext [2128195220] from cache with key [[MergedContextConfiguration@6999cd39 testClass = MyDocsXMLTest, locations = '{classpath:/documents.xml}', classes = '{}', contextInitializerClasses = '[]', activeProfiles = '{}', propertySourceLocations = '{}', propertySourceProperties = '{}', contextCustomizers = set[[empty]], contextLoader = 'org.springframework.test.context.support.DelegatingSmartContextLoader', parent = [null]]]
17:14:44.545 [Test worker] DEBUG org.springframework.test.context.cache - Spring test ApplicationContext cache statistics: [DefaultContextCache@29006752 size = 5, maxSize = 32, parentContextCount = 0, hitCount = 36, missCount = 5]
17:14:44.546 [Test worker] DEBUG org.springframework.test.context.cache.DefaultCacheAwareContextLoaderDelegate - Retrieved ApplicationContext [2128195220] from cache with key [[MergedContextConfiguration@6999cd39 testClass = MyDocsXMLTest, locations = '{classpath:/documents.xml}', classes = '{}', contextInitializerClasses = '[]', activeProfiles = '{}', propertySourceLocations = '{}', propertySourceProperties = '{}', contextCustomizers = set[[empty]], contextLoader = 'org.springframework.test.context.support.DelegatingSmartContextLoader', parent = [null]]]
17:14:44.546 [Test worker] DEBUG org.springframework.test.context.cache - Spring test ApplicationContext cache statistics: [DefaultContextCache@29006752 size = 5, maxSize = 32, parentContextCount = 0, hitCount = 37, missCount = 5]
17:14:44.546 [Test worker] DEBUG org.springframework.test.context.support.AbstractDirtiesContextTestExecutionListener - After test method: context [DefaultTestContext@5c089b2f testClass = MyDocsXMLTest, testInstance = chapter03.MyDocsXMLTest@4716be8b, testMethod = testFindByType@MyDocsBaseTest, testException = [null], mergedContextConfiguration = [MergedContextConfiguration@6999cd39 testClass = MyDocsXMLTest, locations = '{classpath:/documents.xml}', classes = '{}', contextInitializerClasses = '[]', activeProfiles = '{}', propertySourceLocations = '{}', propertySourceProperties = '{}', contextCustomizers = set[[empty]], contextLoader = 'org.springframework.test.context.support.DelegatingSmartContextLoader', parent = [null]], attributes = map['org.springframework.test.context.event.ApplicationEventsTestExecutionListener.recordApplicationEvents' -> false]], class annotated with @DirtiesContext [false] with mode [null], method annotated with @DirtiesContext [false] with mode [null].
17:14:44.547 [Test worker] DEBUG org.springframework.test.context.support.AbstractDirtiesContextTestExecutionListener - Before test method: context [DefaultTestContext@5c089b2f testClass = MyDocsXMLTest, testInstance = chapter03.MyDocsXMLTest@4716be8b, testMethod = testListAll@MyDocsBaseTest, testException = [null], mergedContextConfiguration = [MergedContextConfiguration@6999cd39 testClass = MyDocsXMLTest, locations = '{classpath:/documents.xml}', classes = '{}', contextInitializerClasses = '[]', activeProfiles = '{}', propertySourceLocations = '{}', propertySourceProperties = '{}', contextCustomizers = set[[empty]], contextLoader = 'org.springframework.test.context.support.DelegatingSmartContextLoader', parent = [null]], attributes = map['org.springframework.test.context.event.ApplicationEventsTestExecutionListener.recordApplicationEvents' -> false]], class annotated with @DirtiesContext [false] with mode [null], method annotated with @DirtiesContext [false] with mode [null].
17:14:44.547 [Test worker] DEBUG org.springframework.test.context.cache.DefaultCacheAwareContextLoaderDelegate - Retrieved ApplicationContext [2128195220] from cache with key [[MergedContextConfiguration@6999cd39 testClass = MyDocsXMLTest, locations = '{classpath:/documents.xml}', classes = '{}', contextInitializerClasses = '[]', activeProfiles = '{}', propertySourceLocations = '{}', propertySourceProperties = '{}', contextCustomizers = set[[empty]], contextLoader = 'org.springframework.test.context.support.DelegatingSmartContextLoader', parent = [null]]]
17:14:44.547 [Test worker] DEBUG org.springframework.test.context.cache - Spring test ApplicationContext cache statistics: [DefaultContextCache@29006752 size = 5, maxSize = 32, parentContextCount = 0, hitCount = 38, missCount = 5]
17:14:44.548 [Test worker] DEBUG org.springframework.test.context.cache.DefaultCacheAwareContextLoaderDelegate - Retrieved ApplicationContext [2128195220] from cache with key [[MergedContextConfiguration@6999cd39 testClass = MyDocsXMLTest, locations = '{classpath:/documents.xml}', classes = '{}', contextInitializerClasses = '[]', activeProfiles = '{}', propertySourceLocations = '{}', propertySourceProperties = '{}', contextCustomizers = set[[empty]], contextLoader = 'org.springframework.test.context.support.DelegatingSmartContextLoader', parent = [null]]]
17:14:44.548 [Test worker] DEBUG org.springframework.test.context.cache - Spring test ApplicationContext cache statistics: [DefaultContextCache@29006752 size = 5, maxSize = 32, parentContextCount = 0, hitCount = 39, missCount = 5]
17:14:44.548 [Test worker] DEBUG org.springframework.test.context.support.AbstractDirtiesContextTestExecutionListener - After test method: context [DefaultTestContext@5c089b2f testClass = MyDocsXMLTest, testInstance = chapter03.MyDocsXMLTest@4716be8b, testMethod = testListAll@MyDocsBaseTest, testException = [null], mergedContextConfiguration = [MergedContextConfiguration@6999cd39 testClass = MyDocsXMLTest, locations = '{classpath:/documents.xml}', classes = '{}', contextInitializerClasses = '[]', activeProfiles = '{}', propertySourceLocations = '{}', propertySourceProperties = '{}', contextCustomizers = set[[empty]], contextLoader = 'org.springframework.test.context.support.DelegatingSmartContextLoader', parent = [null]], attributes = map['org.springframework.test.context.event.ApplicationEventsTestExecutionListener.recordApplicationEvents' -> false]], class annotated with @DirtiesContext [false] with mode [null], method annotated with @DirtiesContext [false] with mode [null].
]]></system-out>
  <system-err><![CDATA[]]></system-err>
</testsuite>
