<?xml version="1.0" encoding="UTF-8"?>
<testsuite name="chapter03.MyDocsXMLDataTest" tests="3" skipped="0" failures="0" errors="0" timestamp="2023-05-31T21:14:44" hostname="DESKTOP-V3QDITO" time="0.005">
  <properties/>
  <testcase name="testEngineNonNull" classname="chapter03.MyDocsXMLDataTest" time="0.0"/>
  <testcase name="testFindByType" classname="chapter03.MyDocsXMLDataTest" time="0.0"/>
  <testcase name="testListAll" classname="chapter03.MyDocsXMLDataTest" time="0.001"/>
  <system-out><![CDATA[17:14:44.486 [Test worker] DEBUG org.springframework.test.context.support.AbstractDirtiesContextTestExecutionListener - Before test class: context [DefaultTestContext@72ab05ed testClass = MyDocsXMLDataTest, testInstance = [null], testMethod = [null], testException = [null], mergedContextConfiguration = [MergedContextConfiguration@27e32fe4 testClass = MyDocsXMLDataTest, locations = '{classpath:/docdata.xml}', classes = '{}', contextInitializerClasses = '[]', activeProfiles = '{}', propertySourceLocations = '{}', propertySourceProperties = '{}', contextCustomizers = set[[empty]], contextLoader = 'org.springframework.test.context.support.DelegatingSmartContextLoader', parent = [null]], attributes = map[[empty]]], class annotated with @DirtiesContext [false] with mode [null].
17:14:44.487 [Test worker] DEBUG org.springframework.test.context.support.DependencyInjectionTestExecutionListener - Performing dependency injection for test context [[DefaultTestContext@72ab05ed testClass = MyDocsXMLDataTest, testInstance = chapter03.MyDocsXMLDataTest@558bdf1f, testMethod = [null], testException = [null], mergedContextConfiguration = [MergedContextConfiguration@27e32fe4 testClass = MyDocsXMLDataTest, locations = '{classpath:/docdata.xml}', classes = '{}', contextInitializerClasses = '[]', activeProfiles = '{}', propertySourceLocations = '{}', propertySourceProperties = '{}', contextCustomizers = set[[empty]], contextLoader = 'org.springframework.test.context.support.DelegatingSmartContextLoader', parent = [null]], attributes = map['org.springframework.test.context.event.ApplicationEventsTestExecutionListener.recordApplicationEvents' -> false]]].
17:14:44.487 [Test worker] DEBUG org.springframework.test.context.support.AbstractDelegatingSmartContextLoader - Delegating to GenericXmlContextLoader to load context from [MergedContextConfiguration@27e32fe4 testClass = MyDocsXMLDataTest, locations = '{classpath:/docdata.xml}', classes = '{}', contextInitializerClasses = '[]', activeProfiles = '{}', propertySourceLocations = '{}', propertySourceProperties = '{}', contextCustomizers = set[[empty]], contextLoader = 'org.springframework.test.context.support.DelegatingSmartContextLoader', parent = [null]].
17:14:44.487 [Test worker] DEBUG org.springframework.test.context.support.AbstractGenericContextLoader - Loading ApplicationContext for merged context configuration [[MergedContextConfiguration@27e32fe4 testClass = MyDocsXMLDataTest, locations = '{classpath:/docdata.xml}', classes = '{}', contextInitializerClasses = '[]', activeProfiles = '{}', propertySourceLocations = '{}', propertySourceProperties = '{}', contextCustomizers = set[[empty]], contextLoader = 'org.springframework.test.context.support.DelegatingSmartContextLoader', parent = [null]]].
17:14:44.487 [Test worker] DEBUG org.springframework.core.env.StandardEnvironment - Activating profiles []
17:14:44.506 [Test worker] DEBUG org.springframework.beans.factory.xml.XmlBeanDefinitionReader - Loaded 2 bean definitions from class path resource [docdata.xml]
17:14:44.507 [Test worker] DEBUG org.springframework.context.support.GenericApplicationContext - Refreshing org.springframework.context.support.GenericApplicationContext@17d238b1
17:14:44.508 [Test worker] DEBUG org.springframework.beans.factory.support.DefaultListableBeanFactory - Creating shared instance of singleton bean 'org.springframework.context.annotation.internalConfigurationAnnotationProcessor'
17:14:44.509 [Test worker] DEBUG org.springframework.beans.factory.support.DefaultListableBeanFactory - Creating shared instance of singleton bean 'org.springframework.context.event.internalEventListenerProcessor'
17:14:44.509 [Test worker] DEBUG org.springframework.beans.factory.support.DefaultListableBeanFactory - Creating shared instance of singleton bean 'org.springframework.context.event.internalEventListenerFactory'
17:14:44.510 [Test worker] DEBUG org.springframework.beans.factory.support.DefaultListableBeanFactory - Creating shared instance of singleton bean 'org.springframework.context.annotation.internalAutowiredAnnotationProcessor'
17:14:44.511 [Test worker] DEBUG org.springframework.beans.factory.support.DefaultListableBeanFactory - Creating shared instance of singleton bean 'engine'
17:14:44.511 [Test worker] DEBUG org.springframework.beans.factory.support.DefaultListableBeanFactory - Creating shared instance of singleton bean 'documentList'
17:14:44.517 [Test worker] DEBUG org.springframework.test.context.cache.DefaultCacheAwareContextLoaderDelegate - Storing ApplicationContext [399653041] in cache under key [[MergedContextConfiguration@27e32fe4 testClass = MyDocsXMLDataTest, locations = '{classpath:/docdata.xml}', classes = '{}', contextInitializerClasses = '[]', activeProfiles = '{}', propertySourceLocations = '{}', propertySourceProperties = '{}', contextCustomizers = set[[empty]], contextLoader = 'org.springframework.test.context.support.DelegatingSmartContextLoader', parent = [null]]]
17:14:44.518 [Test worker] DEBUG org.springframework.test.context.cache - Spring test ApplicationContext cache statistics: [DefaultContextCache@29006752 size = 4, maxSize = 32, parentContextCount = 0, hitCount = 24, missCount = 4]
17:14:44.519 [Test worker] DEBUG org.springframework.test.context.cache.DefaultCacheAwareContextLoaderDelegate - Retrieved ApplicationContext [399653041] from cache with key [[MergedContextConfiguration@27e32fe4 testClass = MyDocsXMLDataTest, locations = '{classpath:/docdata.xml}', classes = '{}', contextInitializerClasses = '[]', activeProfiles = '{}', propertySourceLocations = '{}', propertySourceProperties = '{}', contextCustomizers = set[[empty]], contextLoader = 'org.springframework.test.context.support.DelegatingSmartContextLoader', parent = [null]]]
17:14:44.519 [Test worker] DEBUG org.springframework.test.context.cache - Spring test ApplicationContext cache statistics: [DefaultContextCache@29006752 size = 4, maxSize = 32, parentContextCount = 0, hitCount = 25, missCount = 4]
17:14:44.521 [Test worker] DEBUG org.springframework.test.context.support.AbstractDirtiesContextTestExecutionListener - Before test method: context [DefaultTestContext@72ab05ed testClass = MyDocsXMLDataTest, testInstance = chapter03.MyDocsXMLDataTest@558bdf1f, testMethod = testEngineNonNull@MyDocsBaseTest, testException = [null], mergedContextConfiguration = [MergedContextConfiguration@27e32fe4 testClass = MyDocsXMLDataTest, locations = '{classpath:/docdata.xml}', classes = '{}', contextInitializerClasses = '[]', activeProfiles = '{}', propertySourceLocations = '{}', propertySourceProperties = '{}', contextCustomizers = set[[empty]], contextLoader = 'org.springframework.test.context.support.DelegatingSmartContextLoader', parent = [null]], attributes = map['org.springframework.test.context.event.ApplicationEventsTestExecutionListener.recordApplicationEvents' -> false]], class annotated with @DirtiesContext [false] with mode [null], method annotated with @DirtiesContext [false] with mode [null].
17:14:44.521 [Test worker] DEBUG org.springframework.test.context.cache.DefaultCacheAwareContextLoaderDelegate - Retrieved ApplicationContext [399653041] from cache with key [[MergedContextConfiguration@27e32fe4 testClass = MyDocsXMLDataTest, locations = '{classpath:/docdata.xml}', classes = '{}', contextInitializerClasses = '[]', activeProfiles = '{}', propertySourceLocations = '{}', propertySourceProperties = '{}', contextCustomizers = set[[empty]], contextLoader = 'org.springframework.test.context.support.DelegatingSmartContextLoader', parent = [null]]]
17:14:44.521 [Test worker] DEBUG org.springframework.test.context.cache - Spring test ApplicationContext cache statistics: [DefaultContextCache@29006752 size = 4, maxSize = 32, parentContextCount = 0, hitCount = 26, missCount = 4]
17:14:44.522 [Test worker] DEBUG org.springframework.test.context.cache.DefaultCacheAwareContextLoaderDelegate - Retrieved ApplicationContext [399653041] from cache with key [[MergedContextConfiguration@27e32fe4 testClass = MyDocsXMLDataTest, locations = '{classpath:/docdata.xml}', classes = '{}', contextInitializerClasses = '[]', activeProfiles = '{}', propertySourceLocations = '{}', propertySourceProperties = '{}', contextCustomizers = set[[empty]], contextLoader = 'org.springframework.test.context.support.DelegatingSmartContextLoader', parent = [null]]]
17:14:44.522 [Test worker] DEBUG org.springframework.test.context.cache - Spring test ApplicationContext cache statistics: [DefaultContextCache@29006752 size = 4, maxSize = 32, parentContextCount = 0, hitCount = 27, missCount = 4]
17:14:44.522 [Test worker] DEBUG org.springframework.test.context.support.AbstractDirtiesContextTestExecutionListener - After test method: context [DefaultTestContext@72ab05ed testClass = MyDocsXMLDataTest, testInstance = chapter03.MyDocsXMLDataTest@558bdf1f, testMethod = testEngineNonNull@MyDocsBaseTest, testException = [null], mergedContextConfiguration = [MergedContextConfiguration@27e32fe4 testClass = MyDocsXMLDataTest, locations = '{classpath:/docdata.xml}', classes = '{}', contextInitializerClasses = '[]', activeProfiles = '{}', propertySourceLocations = '{}', propertySourceProperties = '{}', contextCustomizers = set[[empty]], contextLoader = 'org.springframework.test.context.support.DelegatingSmartContextLoader', parent = [null]], attributes = map['org.springframework.test.context.event.ApplicationEventsTestExecutionListener.recordApplicationEvents' -> false]], class annotated with @DirtiesContext [false] with mode [null], method annotated with @DirtiesContext [false] with mode [null].
17:14:44.523 [Test worker] DEBUG org.springframework.test.context.support.AbstractDirtiesContextTestExecutionListener - Before test method: context [DefaultTestContext@72ab05ed testClass = MyDocsXMLDataTest, testInstance = chapter03.MyDocsXMLDataTest@558bdf1f, testMethod = testFindByType@MyDocsBaseTest, testException = [null], mergedContextConfiguration = [MergedContextConfiguration@27e32fe4 testClass = MyDocsXMLDataTest, locations = '{classpath:/docdata.xml}', classes = '{}', contextInitializerClasses = '[]', activeProfiles = '{}', propertySourceLocations = '{}', propertySourceProperties = '{}', contextCustomizers = set[[empty]], contextLoader = 'org.springframework.test.context.support.DelegatingSmartContextLoader', parent = [null]], attributes = map['org.springframework.test.context.event.ApplicationEventsTestExecutionListener.recordApplicationEvents' -> false]], class annotated with @DirtiesContext [false] with mode [null], method annotated with @DirtiesContext [false] with mode [null].
17:14:44.523 [Test worker] DEBUG org.springframework.test.context.cache.DefaultCacheAwareContextLoaderDelegate - Retrieved ApplicationContext [399653041] from cache with key [[MergedContextConfiguration@27e32fe4 testClass = MyDocsXMLDataTest, locations = '{classpath:/docdata.xml}', classes = '{}', contextInitializerClasses = '[]', activeProfiles = '{}', propertySourceLocations = '{}', propertySourceProperties = '{}', contextCustomizers = set[[empty]], contextLoader = 'org.springframework.test.context.support.DelegatingSmartContextLoader', parent = [null]]]
17:14:44.523 [Test worker] DEBUG org.springframework.test.context.cache - Spring test ApplicationContext cache statistics: [DefaultContextCache@29006752 size = 4, maxSize = 32, parentContextCount = 0, hitCount = 28, missCount = 4]
17:14:44.524 [Test worker] DEBUG org.springframework.test.context.cache.DefaultCacheAwareContextLoaderDelegate - Retrieved ApplicationContext [399653041] from cache with key [[MergedContextConfiguration@27e32fe4 testClass = MyDocsXMLDataTest, locations = '{classpath:/docdata.xml}', classes = '{}', contextInitializerClasses = '[]', activeProfiles = '{}', propertySourceLocations = '{}', propertySourceProperties = '{}', contextCustomizers = set[[empty]], contextLoader = 'org.springframework.test.context.support.DelegatingSmartContextLoader', parent = [null]]]
17:14:44.524 [Test worker] DEBUG org.springframework.test.context.cache - Spring test ApplicationContext cache statistics: [DefaultContextCache@29006752 size = 4, maxSize = 32, parentContextCount = 0, hitCount = 29, missCount = 4]
17:14:44.524 [Test worker] DEBUG org.springframework.test.context.support.AbstractDirtiesContextTestExecutionListener - After test method: context [DefaultTestContext@72ab05ed testClass = MyDocsXMLDataTest, testInstance = chapter03.MyDocsXMLDataTest@558bdf1f, testMethod = testFindByType@MyDocsBaseTest, testException = [null], mergedContextConfiguration = [MergedContextConfiguration@27e32fe4 testClass = MyDocsXMLDataTest, locations = '{classpath:/docdata.xml}', classes = '{}', contextInitializerClasses = '[]', activeProfiles = '{}', propertySourceLocations = '{}', propertySourceProperties = '{}', contextCustomizers = set[[empty]], contextLoader = 'org.springframework.test.context.support.DelegatingSmartContextLoader', parent = [null]], attributes = map['org.springframework.test.context.event.ApplicationEventsTestExecutionListener.recordApplicationEvents' -> false]], class annotated with @DirtiesContext [false] with mode [null], method annotated with @DirtiesContext [false] with mode [null].
17:14:44.525 [Test worker] DEBUG org.springframework.test.context.support.AbstractDirtiesContextTestExecutionListener - Before test method: context [DefaultTestContext@72ab05ed testClass = MyDocsXMLDataTest, testInstance = chapter03.MyDocsXMLDataTest@558bdf1f, testMethod = testListAll@MyDocsBaseTest, testException = [null], mergedContextConfiguration = [MergedContextConfiguration@27e32fe4 testClass = MyDocsXMLDataTest, locations = '{classpath:/docdata.xml}', classes = '{}', contextInitializerClasses = '[]', activeProfiles = '{}', propertySourceLocations = '{}', propertySourceProperties = '{}', contextCustomizers = set[[empty]], contextLoader = 'org.springframework.test.context.support.DelegatingSmartContextLoader', parent = [null]], attributes = map['org.springframework.test.context.event.ApplicationEventsTestExecutionListener.recordApplicationEvents' -> false]], class annotated with @DirtiesContext [false] with mode [null], method annotated with @DirtiesContext [false] with mode [null].
17:14:44.525 [Test worker] DEBUG org.springframework.test.context.cache.DefaultCacheAwareContextLoaderDelegate - Retrieved ApplicationContext [399653041] from cache with key [[MergedContextConfiguration@27e32fe4 testClass = MyDocsXMLDataTest, locations = '{classpath:/docdata.xml}', classes = '{}', contextInitializerClasses = '[]', activeProfiles = '{}', propertySourceLocations = '{}', propertySourceProperties = '{}', contextCustomizers = set[[empty]], contextLoader = 'org.springframework.test.context.support.DelegatingSmartContextLoader', parent = [null]]]
17:14:44.525 [Test worker] DEBUG org.springframework.test.context.cache - Spring test ApplicationContext cache statistics: [DefaultContextCache@29006752 size = 4, maxSize = 32, parentContextCount = 0, hitCount = 30, missCount = 4]
17:14:44.526 [Test worker] DEBUG org.springframework.test.context.cache.DefaultCacheAwareContextLoaderDelegate - Retrieved ApplicationContext [399653041] from cache with key [[MergedContextConfiguration@27e32fe4 testClass = MyDocsXMLDataTest, locations = '{classpath:/docdata.xml}', classes = '{}', contextInitializerClasses = '[]', activeProfiles = '{}', propertySourceLocations = '{}', propertySourceProperties = '{}', contextCustomizers = set[[empty]], contextLoader = 'org.springframework.test.context.support.DelegatingSmartContextLoader', parent = [null]]]
17:14:44.526 [Test worker] DEBUG org.springframework.test.context.cache - Spring test ApplicationContext cache statistics: [DefaultContextCache@29006752 size = 4, maxSize = 32, parentContextCount = 0, hitCount = 31, missCount = 4]
17:14:44.526 [Test worker] DEBUG org.springframework.test.context.support.AbstractDirtiesContextTestExecutionListener - After test method: context [DefaultTestContext@72ab05ed testClass = MyDocsXMLDataTest, testInstance = chapter03.MyDocsXMLDataTest@558bdf1f, testMethod = testListAll@MyDocsBaseTest, testException = [null], mergedContextConfiguration = [MergedContextConfiguration@27e32fe4 testClass = MyDocsXMLDataTest, locations = '{classpath:/docdata.xml}', classes = '{}', contextInitializerClasses = '[]', activeProfiles = '{}', propertySourceLocations = '{}', propertySourceProperties = '{}', contextCustomizers = set[[empty]], contextLoader = 'org.springframework.test.context.support.DelegatingSmartContextLoader', parent = [null]], attributes = map['org.springframework.test.context.event.ApplicationEventsTestExecutionListener.recordApplicationEvents' -> false]], class annotated with @DirtiesContext [false] with mode [null], method annotated with @DirtiesContext [false] with mode [null].
]]></system-out>
  <system-err><![CDATA[]]></system-err>
</testsuite>
