<?xml version="1.0" encoding="UTF-8"?>
<testsuite name="chapter03.MyDocsScanTest" tests="3" skipped="0" failures="0" errors="0" timestamp="2023-05-31T21:14:44" hostname="DESKTOP-V3QDITO" time="0.006">
  <properties/>
  <testcase name="testEngineNonNull" classname="chapter03.MyDocsScanTest" time="0.0"/>
  <testcase name="testFindByType" classname="chapter03.MyDocsScanTest" time="0.0"/>
  <testcase name="testListAll" classname="chapter03.MyDocsScanTest" time="0.001"/>
  <system-out><![CDATA[17:14:44.426 [Test worker] DEBUG org.springframework.test.context.support.AbstractDirtiesContextTestExecutionListener - Before test class: context [DefaultTestContext@705202d1 testClass = MyDocsScanTest, testInstance = [null], testMethod = [null], testException = [null], mergedContextConfiguration = [MergedContextConfiguration@3c443976 testClass = MyDocsScanTest, locations = '{}', classes = '{class chapter03.MyDocsScanConfig}', contextInitializerClasses = '[]', activeProfiles = '{}', propertySourceLocations = '{}', propertySourceProperties = '{}', contextCustomizers = set[[empty]], contextLoader = 'org.springframework.test.context.support.DelegatingSmartContextLoader', parent = [null]], attributes = map[[empty]]], class annotated with @DirtiesContext [false] with mode [null].
17:14:44.426 [Test worker] DEBUG org.springframework.test.context.support.DependencyInjectionTestExecutionListener - Performing dependency injection for test context [[DefaultTestContext@705202d1 testClass = MyDocsScanTest, testInstance = chapter03.MyDocsScanTest@401f7633, testMethod = [null], testException = [null], mergedContextConfiguration = [MergedContextConfiguration@3c443976 testClass = MyDocsScanTest, locations = '{}', classes = '{class chapter03.MyDocsScanConfig}', contextInitializerClasses = '[]', activeProfiles = '{}', propertySourceLocations = '{}', propertySourceProperties = '{}', contextCustomizers = set[[empty]], contextLoader = 'org.springframework.test.context.support.DelegatingSmartContextLoader', parent = [null]], attributes = map['org.springframework.test.context.event.ApplicationEventsTestExecutionListener.recordApplicationEvents' -> false]]].
17:14:44.426 [Test worker] DEBUG org.springframework.test.context.support.AbstractDelegatingSmartContextLoader - Delegating to AnnotationConfigContextLoader to load context from [MergedContextConfiguration@3c443976 testClass = MyDocsScanTest, locations = '{}', classes = '{class chapter03.MyDocsScanConfig}', contextInitializerClasses = '[]', activeProfiles = '{}', propertySourceLocations = '{}', propertySourceProperties = '{}', contextCustomizers = set[[empty]], contextLoader = 'org.springframework.test.context.support.DelegatingSmartContextLoader', parent = [null]].
17:14:44.427 [Test worker] DEBUG org.springframework.test.context.support.AbstractGenericContextLoader - Loading ApplicationContext for merged context configuration [[MergedContextConfiguration@3c443976 testClass = MyDocsScanTest, locations = '{}', classes = '{class chapter03.MyDocsScanConfig}', contextInitializerClasses = '[]', activeProfiles = '{}', propertySourceLocations = '{}', propertySourceProperties = '{}', contextCustomizers = set[[empty]], contextLoader = 'org.springframework.test.context.support.DelegatingSmartContextLoader', parent = [null]]].
17:14:44.427 [Test worker] DEBUG org.springframework.core.env.StandardEnvironment - Activating profiles []
17:14:44.427 [Test worker] DEBUG org.springframework.test.context.support.AnnotationConfigContextLoader - Registering component classes: {class chapter03.MyDocsScanConfig}
17:14:44.431 [Test worker] DEBUG org.springframework.context.support.GenericApplicationContext - Refreshing org.springframework.context.support.GenericApplicationContext@3bd55d8
17:14:44.432 [Test worker] DEBUG org.springframework.beans.factory.support.DefaultListableBeanFactory - Creating shared instance of singleton bean 'org.springframework.context.annotation.internalConfigurationAnnotationProcessor'
17:14:44.436 [Test worker] DEBUG org.springframework.context.annotation.ClassPathBeanDefinitionScanner - Identified candidate component class: file [C:\Users\willi\Downloads\cop2806cmod3gpa-3175283\isf6\chapter03\build\classes\java\test\chapter03\service\ScannedSearchEngine.class]
17:14:44.441 [Test worker] DEBUG org.springframework.beans.factory.support.DefaultListableBeanFactory - Creating shared instance of singleton bean 'org.springframework.context.event.internalEventListenerProcessor'
17:14:44.442 [Test worker] DEBUG org.springframework.beans.factory.support.DefaultListableBeanFactory - Creating shared instance of singleton bean 'org.springframework.context.event.internalEventListenerFactory'
17:14:44.442 [Test worker] DEBUG org.springframework.beans.factory.support.DefaultListableBeanFactory - Creating shared instance of singleton bean 'org.springframework.context.annotation.internalAutowiredAnnotationProcessor'
17:14:44.443 [Test worker] DEBUG org.springframework.beans.factory.support.DefaultListableBeanFactory - Creating shared instance of singleton bean 'myDocsScanConfig'
17:14:44.443 [Test worker] DEBUG org.springframework.beans.factory.support.DefaultListableBeanFactory - Creating shared instance of singleton bean 'scannedSearchEngine'
17:14:44.444 [Test worker] DEBUG org.springframework.test.context.cache.DefaultCacheAwareContextLoaderDelegate - Storing ApplicationContext [62739928] in cache under key [[MergedContextConfiguration@3c443976 testClass = MyDocsScanTest, locations = '{}', classes = '{class chapter03.MyDocsScanConfig}', contextInitializerClasses = '[]', activeProfiles = '{}', propertySourceLocations = '{}', propertySourceProperties = '{}', contextCustomizers = set[[empty]], contextLoader = 'org.springframework.test.context.support.DelegatingSmartContextLoader', parent = [null]]]
17:14:44.444 [Test worker] DEBUG org.springframework.test.context.cache - Spring test ApplicationContext cache statistics: [DefaultContextCache@29006752 size = 2, maxSize = 32, parentContextCount = 0, hitCount = 8, missCount = 2]
17:14:44.446 [Test worker] DEBUG org.springframework.test.context.cache.DefaultCacheAwareContextLoaderDelegate - Retrieved ApplicationContext [62739928] from cache with key [[MergedContextConfiguration@3c443976 testClass = MyDocsScanTest, locations = '{}', classes = '{class chapter03.MyDocsScanConfig}', contextInitializerClasses = '[]', activeProfiles = '{}', propertySourceLocations = '{}', propertySourceProperties = '{}', contextCustomizers = set[[empty]], contextLoader = 'org.springframework.test.context.support.DelegatingSmartContextLoader', parent = [null]]]
17:14:44.446 [Test worker] DEBUG org.springframework.test.context.cache - Spring test ApplicationContext cache statistics: [DefaultContextCache@29006752 size = 2, maxSize = 32, parentContextCount = 0, hitCount = 9, missCount = 2]
17:14:44.447 [Test worker] DEBUG org.springframework.test.context.support.AbstractDirtiesContextTestExecutionListener - Before test method: context [DefaultTestContext@705202d1 testClass = MyDocsScanTest, testInstance = chapter03.MyDocsScanTest@401f7633, testMethod = testEngineNonNull@MyDocsBaseTest, testException = [null], mergedContextConfiguration = [MergedContextConfiguration@3c443976 testClass = MyDocsScanTest, locations = '{}', classes = '{class chapter03.MyDocsScanConfig}', contextInitializerClasses = '[]', activeProfiles = '{}', propertySourceLocations = '{}', propertySourceProperties = '{}', contextCustomizers = set[[empty]], contextLoader = 'org.springframework.test.context.support.DelegatingSmartContextLoader', parent = [null]], attributes = map['org.springframework.test.context.event.ApplicationEventsTestExecutionListener.recordApplicationEvents' -> false]], class annotated with @DirtiesContext [false] with mode [null], method annotated with @DirtiesContext [false] with mode [null].
17:14:44.447 [Test worker] DEBUG org.springframework.test.context.cache.DefaultCacheAwareContextLoaderDelegate - Retrieved ApplicationContext [62739928] from cache with key [[MergedContextConfiguration@3c443976 testClass = MyDocsScanTest, locations = '{}', classes = '{class chapter03.MyDocsScanConfig}', contextInitializerClasses = '[]', activeProfiles = '{}', propertySourceLocations = '{}', propertySourceProperties = '{}', contextCustomizers = set[[empty]], contextLoader = 'org.springframework.test.context.support.DelegatingSmartContextLoader', parent = [null]]]
17:14:44.447 [Test worker] DEBUG org.springframework.test.context.cache - Spring test ApplicationContext cache statistics: [DefaultContextCache@29006752 size = 2, maxSize = 32, parentContextCount = 0, hitCount = 10, missCount = 2]
17:14:44.448 [Test worker] DEBUG org.springframework.test.context.cache.DefaultCacheAwareContextLoaderDelegate - Retrieved ApplicationContext [62739928] from cache with key [[MergedContextConfiguration@3c443976 testClass = MyDocsScanTest, locations = '{}', classes = '{class chapter03.MyDocsScanConfig}', contextInitializerClasses = '[]', activeProfiles = '{}', propertySourceLocations = '{}', propertySourceProperties = '{}', contextCustomizers = set[[empty]], contextLoader = 'org.springframework.test.context.support.DelegatingSmartContextLoader', parent = [null]]]
17:14:44.448 [Test worker] DEBUG org.springframework.test.context.cache - Spring test ApplicationContext cache statistics: [DefaultContextCache@29006752 size = 2, maxSize = 32, parentContextCount = 0, hitCount = 11, missCount = 2]
17:14:44.448 [Test worker] DEBUG org.springframework.test.context.support.AbstractDirtiesContextTestExecutionListener - After test method: context [DefaultTestContext@705202d1 testClass = MyDocsScanTest, testInstance = chapter03.MyDocsScanTest@401f7633, testMethod = testEngineNonNull@MyDocsBaseTest, testException = [null], mergedContextConfiguration = [MergedContextConfiguration@3c443976 testClass = MyDocsScanTest, locations = '{}', classes = '{class chapter03.MyDocsScanConfig}', contextInitializerClasses = '[]', activeProfiles = '{}', propertySourceLocations = '{}', propertySourceProperties = '{}', contextCustomizers = set[[empty]], contextLoader = 'org.springframework.test.context.support.DelegatingSmartContextLoader', parent = [null]], attributes = map['org.springframework.test.context.event.ApplicationEventsTestExecutionListener.recordApplicationEvents' -> false]], class annotated with @DirtiesContext [false] with mode [null], method annotated with @DirtiesContext [false] with mode [null].
17:14:44.449 [Test worker] DEBUG org.springframework.test.context.support.AbstractDirtiesContextTestExecutionListener - Before test method: context [DefaultTestContext@705202d1 testClass = MyDocsScanTest, testInstance = chapter03.MyDocsScanTest@401f7633, testMethod = testFindByType@MyDocsBaseTest, testException = [null], mergedContextConfiguration = [MergedContextConfiguration@3c443976 testClass = MyDocsScanTest, locations = '{}', classes = '{class chapter03.MyDocsScanConfig}', contextInitializerClasses = '[]', activeProfiles = '{}', propertySourceLocations = '{}', propertySourceProperties = '{}', contextCustomizers = set[[empty]], contextLoader = 'org.springframework.test.context.support.DelegatingSmartContextLoader', parent = [null]], attributes = map['org.springframework.test.context.event.ApplicationEventsTestExecutionListener.recordApplicationEvents' -> false]], class annotated with @DirtiesContext [false] with mode [null], method annotated with @DirtiesContext [false] with mode [null].
17:14:44.449 [Test worker] DEBUG org.springframework.test.context.cache.DefaultCacheAwareContextLoaderDelegate - Retrieved ApplicationContext [62739928] from cache with key [[MergedContextConfiguration@3c443976 testClass = MyDocsScanTest, locations = '{}', classes = '{class chapter03.MyDocsScanConfig}', contextInitializerClasses = '[]', activeProfiles = '{}', propertySourceLocations = '{}', propertySourceProperties = '{}', contextCustomizers = set[[empty]], contextLoader = 'org.springframework.test.context.support.DelegatingSmartContextLoader', parent = [null]]]
17:14:44.449 [Test worker] DEBUG org.springframework.test.context.cache - Spring test ApplicationContext cache statistics: [DefaultContextCache@29006752 size = 2, maxSize = 32, parentContextCount = 0, hitCount = 12, missCount = 2]
17:14:44.450 [Test worker] DEBUG org.springframework.test.context.cache.DefaultCacheAwareContextLoaderDelegate - Retrieved ApplicationContext [62739928] from cache with key [[MergedContextConfiguration@3c443976 testClass = MyDocsScanTest, locations = '{}', classes = '{class chapter03.MyDocsScanConfig}', contextInitializerClasses = '[]', activeProfiles = '{}', propertySourceLocations = '{}', propertySourceProperties = '{}', contextCustomizers = set[[empty]], contextLoader = 'org.springframework.test.context.support.DelegatingSmartContextLoader', parent = [null]]]
17:14:44.450 [Test worker] DEBUG org.springframework.test.context.cache - Spring test ApplicationContext cache statistics: [DefaultContextCache@29006752 size = 2, maxSize = 32, parentContextCount = 0, hitCount = 13, missCount = 2]
17:14:44.450 [Test worker] DEBUG org.springframework.test.context.support.AbstractDirtiesContextTestExecutionListener - After test method: context [DefaultTestContext@705202d1 testClass = MyDocsScanTest, testInstance = chapter03.MyDocsScanTest@401f7633, testMethod = testFindByType@MyDocsBaseTest, testException = [null], mergedContextConfiguration = [MergedContextConfiguration@3c443976 testClass = MyDocsScanTest, locations = '{}', classes = '{class chapter03.MyDocsScanConfig}', contextInitializerClasses = '[]', activeProfiles = '{}', propertySourceLocations = '{}', propertySourceProperties = '{}', contextCustomizers = set[[empty]], contextLoader = 'org.springframework.test.context.support.DelegatingSmartContextLoader', parent = [null]], attributes = map['org.springframework.test.context.event.ApplicationEventsTestExecutionListener.recordApplicationEvents' -> false]], class annotated with @DirtiesContext [false] with mode [null], method annotated with @DirtiesContext [false] with mode [null].
17:14:44.452 [Test worker] DEBUG org.springframework.test.context.support.AbstractDirtiesContextTestExecutionListener - Before test method: context [DefaultTestContext@705202d1 testClass = MyDocsScanTest, testInstance = chapter03.MyDocsScanTest@401f7633, testMethod = testListAll@MyDocsBaseTest, testException = [null], mergedContextConfiguration = [MergedContextConfiguration@3c443976 testClass = MyDocsScanTest, locations = '{}', classes = '{class chapter03.MyDocsScanConfig}', contextInitializerClasses = '[]', activeProfiles = '{}', propertySourceLocations = '{}', propertySourceProperties = '{}', contextCustomizers = set[[empty]], contextLoader = 'org.springframework.test.context.support.DelegatingSmartContextLoader', parent = [null]], attributes = map['org.springframework.test.context.event.ApplicationEventsTestExecutionListener.recordApplicationEvents' -> false]], class annotated with @DirtiesContext [false] with mode [null], method annotated with @DirtiesContext [false] with mode [null].
17:14:44.452 [Test worker] DEBUG org.springframework.test.context.cache.DefaultCacheAwareContextLoaderDelegate - Retrieved ApplicationContext [62739928] from cache with key [[MergedContextConfiguration@3c443976 testClass = MyDocsScanTest, locations = '{}', classes = '{class chapter03.MyDocsScanConfig}', contextInitializerClasses = '[]', activeProfiles = '{}', propertySourceLocations = '{}', propertySourceProperties = '{}', contextCustomizers = set[[empty]], contextLoader = 'org.springframework.test.context.support.DelegatingSmartContextLoader', parent = [null]]]
17:14:44.452 [Test worker] DEBUG org.springframework.test.context.cache - Spring test ApplicationContext cache statistics: [DefaultContextCache@29006752 size = 2, maxSize = 32, parentContextCount = 0, hitCount = 14, missCount = 2]
17:14:44.454 [Test worker] DEBUG org.springframework.test.context.cache.DefaultCacheAwareContextLoaderDelegate - Retrieved ApplicationContext [62739928] from cache with key [[MergedContextConfiguration@3c443976 testClass = MyDocsScanTest, locations = '{}', classes = '{class chapter03.MyDocsScanConfig}', contextInitializerClasses = '[]', activeProfiles = '{}', propertySourceLocations = '{}', propertySourceProperties = '{}', contextCustomizers = set[[empty]], contextLoader = 'org.springframework.test.context.support.DelegatingSmartContextLoader', parent = [null]]]
17:14:44.454 [Test worker] DEBUG org.springframework.test.context.cache - Spring test ApplicationContext cache statistics: [DefaultContextCache@29006752 size = 2, maxSize = 32, parentContextCount = 0, hitCount = 15, missCount = 2]
17:14:44.454 [Test worker] DEBUG org.springframework.test.context.support.AbstractDirtiesContextTestExecutionListener - After test method: context [DefaultTestContext@705202d1 testClass = MyDocsScanTest, testInstance = chapter03.MyDocsScanTest@401f7633, testMethod = testListAll@MyDocsBaseTest, testException = [null], mergedContextConfiguration = [MergedContextConfiguration@3c443976 testClass = MyDocsScanTest, locations = '{}', classes = '{class chapter03.MyDocsScanConfig}', contextInitializerClasses = '[]', activeProfiles = '{}', propertySourceLocations = '{}', propertySourceProperties = '{}', contextCustomizers = set[[empty]], contextLoader = 'org.springframework.test.context.support.DelegatingSmartContextLoader', parent = [null]], attributes = map['org.springframework.test.context.event.ApplicationEventsTestExecutionListener.recordApplicationEvents' -> false]], class annotated with @DirtiesContext [false] with mode [null], method annotated with @DirtiesContext [false] with mode [null].
]]></system-out>
  <system-err><![CDATA[]]></system-err>
</testsuite>
