<?xml version="1.0" encoding="UTF-8"?>
<testsuite name="chapter03.MyDocsConfigurationTest" tests="3" skipped="0" failures="0" errors="0" timestamp="2023-05-31T21:14:44" hostname="DESKTOP-V3QDITO" time="0.006">
  <properties/>
  <testcase name="testEngineNonNull" classname="chapter03.MyDocsConfigurationTest" time="0.0"/>
  <testcase name="testFindByType" classname="chapter03.MyDocsConfigurationTest" time="0.0"/>
  <testcase name="testListAll" classname="chapter03.MyDocsConfigurationTest" time="0.0"/>
  <system-out><![CDATA[17:14:44.320 [Test worker] DEBUG org.springframework.test.context.support.AbstractDirtiesContextTestExecutionListener - Before test class: context [DefaultTestContext@11963225 testClass = MyDocsConfigurationTest, testInstance = [null], testMethod = [null], testException = [null], mergedContextConfiguration = [MergedContextConfiguration@3f3c966c testClass = MyDocsConfigurationTest, locations = '{}', classes = '{class chapter03.MyDocsConfig}', contextInitializerClasses = '[]', activeProfiles = '{}', propertySourceLocations = '{}', propertySourceProperties = '{}', contextCustomizers = set[[empty]], contextLoader = 'org.springframework.test.context.support.DelegatingSmartContextLoader', parent = [null]], attributes = map[[empty]]], class annotated with @DirtiesContext [false] with mode [null].
17:14:44.323 [Test worker] DEBUG org.springframework.test.context.support.DependencyInjectionTestExecutionListener - Performing dependency injection for test context [[DefaultTestContext@11963225 testClass = MyDocsConfigurationTest, testInstance = chapter03.MyDocsConfigurationTest@1339e7aa, testMethod = [null], testException = [null], mergedContextConfiguration = [MergedContextConfiguration@3f3c966c testClass = MyDocsConfigurationTest, locations = '{}', classes = '{class chapter03.MyDocsConfig}', contextInitializerClasses = '[]', activeProfiles = '{}', propertySourceLocations = '{}', propertySourceProperties = '{}', contextCustomizers = set[[empty]], contextLoader = 'org.springframework.test.context.support.DelegatingSmartContextLoader', parent = [null]], attributes = map['org.springframework.test.context.event.ApplicationEventsTestExecutionListener.recordApplicationEvents' -> false]]].
17:14:44.323 [Test worker] DEBUG org.springframework.test.context.support.AbstractDelegatingSmartContextLoader - Delegating to AnnotationConfigContextLoader to load context from [MergedContextConfiguration@3f3c966c testClass = MyDocsConfigurationTest, locations = '{}', classes = '{class chapter03.MyDocsConfig}', contextInitializerClasses = '[]', activeProfiles = '{}', propertySourceLocations = '{}', propertySourceProperties = '{}', contextCustomizers = set[[empty]], contextLoader = 'org.springframework.test.context.support.DelegatingSmartContextLoader', parent = [null]].
17:14:44.324 [Test worker] DEBUG org.springframework.test.context.support.AbstractGenericContextLoader - Loading ApplicationContext for merged context configuration [[MergedContextConfiguration@3f3c966c testClass = MyDocsConfigurationTest, locations = '{}', classes = '{class chapter03.MyDocsConfig}', contextInitializerClasses = '[]', activeProfiles = '{}', propertySourceLocations = '{}', propertySourceProperties = '{}', contextCustomizers = set[[empty]], contextLoader = 'org.springframework.test.context.support.DelegatingSmartContextLoader', parent = [null]]].
17:14:44.325 [Test worker] DEBUG org.springframework.core.env.StandardEnvironment - Activating profiles []
17:14:44.325 [Test worker] DEBUG org.springframework.test.context.support.AnnotationConfigContextLoader - Registering component classes: {class chapter03.MyDocsConfig}
17:14:44.328 [Test worker] DEBUG org.springframework.context.support.GenericApplicationContext - Refreshing org.springframework.context.support.GenericApplicationContext@315df4bb
17:14:44.328 [Test worker] DEBUG org.springframework.beans.factory.support.DefaultListableBeanFactory - Creating shared instance of singleton bean 'org.springframework.context.annotation.internalConfigurationAnnotationProcessor'
17:14:44.392 [Test worker] DEBUG org.springframework.beans.factory.support.DefaultListableBeanFactory - Creating shared instance of singleton bean 'org.springframework.context.event.internalEventListenerProcessor'
17:14:44.392 [Test worker] DEBUG org.springframework.beans.factory.support.DefaultListableBeanFactory - Creating shared instance of singleton bean 'org.springframework.context.event.internalEventListenerFactory'
17:14:44.392 [Test worker] DEBUG org.springframework.beans.factory.support.DefaultListableBeanFactory - Creating shared instance of singleton bean 'org.springframework.context.annotation.internalAutowiredAnnotationProcessor'
17:14:44.393 [Test worker] DEBUG org.springframework.beans.factory.support.DefaultListableBeanFactory - Creating shared instance of singleton bean 'myDocsConfig'
17:14:44.394 [Test worker] DEBUG org.springframework.beans.factory.support.DefaultListableBeanFactory - Creating shared instance of singleton bean 'getEngineBean'
17:14:44.402 [Test worker] DEBUG org.springframework.test.context.cache.DefaultCacheAwareContextLoaderDelegate - Storing ApplicationContext [828241083] in cache under key [[MergedContextConfiguration@3f3c966c testClass = MyDocsConfigurationTest, locations = '{}', classes = '{class chapter03.MyDocsConfig}', contextInitializerClasses = '[]', activeProfiles = '{}', propertySourceLocations = '{}', propertySourceProperties = '{}', contextCustomizers = set[[empty]], contextLoader = 'org.springframework.test.context.support.DelegatingSmartContextLoader', parent = [null]]]
17:14:44.403 [Test worker] DEBUG org.springframework.test.context.cache - Spring test ApplicationContext cache statistics: [DefaultContextCache@29006752 size = 1, maxSize = 32, parentContextCount = 0, hitCount = 0, missCount = 1]
17:14:44.411 [Test worker] DEBUG org.springframework.test.context.cache.DefaultCacheAwareContextLoaderDelegate - Retrieved ApplicationContext [828241083] from cache with key [[MergedContextConfiguration@3f3c966c testClass = MyDocsConfigurationTest, locations = '{}', classes = '{class chapter03.MyDocsConfig}', contextInitializerClasses = '[]', activeProfiles = '{}', propertySourceLocations = '{}', propertySourceProperties = '{}', contextCustomizers = set[[empty]], contextLoader = 'org.springframework.test.context.support.DelegatingSmartContextLoader', parent = [null]]]
17:14:44.411 [Test worker] DEBUG org.springframework.test.context.cache - Spring test ApplicationContext cache statistics: [DefaultContextCache@29006752 size = 1, maxSize = 32, parentContextCount = 0, hitCount = 1, missCount = 1]
17:14:44.414 [Test worker] DEBUG org.springframework.test.context.support.AbstractDirtiesContextTestExecutionListener - Before test method: context [DefaultTestContext@11963225 testClass = MyDocsConfigurationTest, testInstance = chapter03.MyDocsConfigurationTest@1339e7aa, testMethod = testEngineNonNull@MyDocsBaseTest, testException = [null], mergedContextConfiguration = [MergedContextConfiguration@3f3c966c testClass = MyDocsConfigurationTest, locations = '{}', classes = '{class chapter03.MyDocsConfig}', contextInitializerClasses = '[]', activeProfiles = '{}', propertySourceLocations = '{}', propertySourceProperties = '{}', contextCustomizers = set[[empty]], contextLoader = 'org.springframework.test.context.support.DelegatingSmartContextLoader', parent = [null]], attributes = map['org.springframework.test.context.event.ApplicationEventsTestExecutionListener.recordApplicationEvents' -> false]], class annotated with @DirtiesContext [false] with mode [null], method annotated with @DirtiesContext [false] with mode [null].
17:14:44.416 [Test worker] DEBUG org.springframework.test.context.cache.DefaultCacheAwareContextLoaderDelegate - Retrieved ApplicationContext [828241083] from cache with key [[MergedContextConfiguration@3f3c966c testClass = MyDocsConfigurationTest, locations = '{}', classes = '{class chapter03.MyDocsConfig}', contextInitializerClasses = '[]', activeProfiles = '{}', propertySourceLocations = '{}', propertySourceProperties = '{}', contextCustomizers = set[[empty]], contextLoader = 'org.springframework.test.context.support.DelegatingSmartContextLoader', parent = [null]]]
17:14:44.416 [Test worker] DEBUG org.springframework.test.context.cache - Spring test ApplicationContext cache statistics: [DefaultContextCache@29006752 size = 1, maxSize = 32, parentContextCount = 0, hitCount = 2, missCount = 1]
17:14:44.418 [Test worker] DEBUG org.springframework.test.context.cache.DefaultCacheAwareContextLoaderDelegate - Retrieved ApplicationContext [828241083] from cache with key [[MergedContextConfiguration@3f3c966c testClass = MyDocsConfigurationTest, locations = '{}', classes = '{class chapter03.MyDocsConfig}', contextInitializerClasses = '[]', activeProfiles = '{}', propertySourceLocations = '{}', propertySourceProperties = '{}', contextCustomizers = set[[empty]], contextLoader = 'org.springframework.test.context.support.DelegatingSmartContextLoader', parent = [null]]]
17:14:44.418 [Test worker] DEBUG org.springframework.test.context.cache - Spring test ApplicationContext cache statistics: [DefaultContextCache@29006752 size = 1, maxSize = 32, parentContextCount = 0, hitCount = 3, missCount = 1]
17:14:44.418 [Test worker] DEBUG org.springframework.test.context.support.AbstractDirtiesContextTestExecutionListener - After test method: context [DefaultTestContext@11963225 testClass = MyDocsConfigurationTest, testInstance = chapter03.MyDocsConfigurationTest@1339e7aa, testMethod = testEngineNonNull@MyDocsBaseTest, testException = [null], mergedContextConfiguration = [MergedContextConfiguration@3f3c966c testClass = MyDocsConfigurationTest, locations = '{}', classes = '{class chapter03.MyDocsConfig}', contextInitializerClasses = '[]', activeProfiles = '{}', propertySourceLocations = '{}', propertySourceProperties = '{}', contextCustomizers = set[[empty]], contextLoader = 'org.springframework.test.context.support.DelegatingSmartContextLoader', parent = [null]], attributes = map['org.springframework.test.context.event.ApplicationEventsTestExecutionListener.recordApplicationEvents' -> false]], class annotated with @DirtiesContext [false] with mode [null], method annotated with @DirtiesContext [false] with mode [null].
17:14:44.419 [Test worker] DEBUG org.springframework.test.context.support.AbstractDirtiesContextTestExecutionListener - Before test method: context [DefaultTestContext@11963225 testClass = MyDocsConfigurationTest, testInstance = chapter03.MyDocsConfigurationTest@1339e7aa, testMethod = testFindByType@MyDocsBaseTest, testException = [null], mergedContextConfiguration = [MergedContextConfiguration@3f3c966c testClass = MyDocsConfigurationTest, locations = '{}', classes = '{class chapter03.MyDocsConfig}', contextInitializerClasses = '[]', activeProfiles = '{}', propertySourceLocations = '{}', propertySourceProperties = '{}', contextCustomizers = set[[empty]], contextLoader = 'org.springframework.test.context.support.DelegatingSmartContextLoader', parent = [null]], attributes = map['org.springframework.test.context.event.ApplicationEventsTestExecutionListener.recordApplicationEvents' -> false]], class annotated with @DirtiesContext [false] with mode [null], method annotated with @DirtiesContext [false] with mode [null].
17:14:44.420 [Test worker] DEBUG org.springframework.test.context.cache.DefaultCacheAwareContextLoaderDelegate - Retrieved ApplicationContext [828241083] from cache with key [[MergedContextConfiguration@3f3c966c testClass = MyDocsConfigurationTest, locations = '{}', classes = '{class chapter03.MyDocsConfig}', contextInitializerClasses = '[]', activeProfiles = '{}', propertySourceLocations = '{}', propertySourceProperties = '{}', contextCustomizers = set[[empty]], contextLoader = 'org.springframework.test.context.support.DelegatingSmartContextLoader', parent = [null]]]
17:14:44.420 [Test worker] DEBUG org.springframework.test.context.cache - Spring test ApplicationContext cache statistics: [DefaultContextCache@29006752 size = 1, maxSize = 32, parentContextCount = 0, hitCount = 4, missCount = 1]
17:14:44.420 [Test worker] DEBUG org.springframework.test.context.cache.DefaultCacheAwareContextLoaderDelegate - Retrieved ApplicationContext [828241083] from cache with key [[MergedContextConfiguration@3f3c966c testClass = MyDocsConfigurationTest, locations = '{}', classes = '{class chapter03.MyDocsConfig}', contextInitializerClasses = '[]', activeProfiles = '{}', propertySourceLocations = '{}', propertySourceProperties = '{}', contextCustomizers = set[[empty]], contextLoader = 'org.springframework.test.context.support.DelegatingSmartContextLoader', parent = [null]]]
17:14:44.420 [Test worker] DEBUG org.springframework.test.context.cache - Spring test ApplicationContext cache statistics: [DefaultContextCache@29006752 size = 1, maxSize = 32, parentContextCount = 0, hitCount = 5, missCount = 1]
17:14:44.421 [Test worker] DEBUG org.springframework.test.context.support.AbstractDirtiesContextTestExecutionListener - After test method: context [DefaultTestContext@11963225 testClass = MyDocsConfigurationTest, testInstance = chapter03.MyDocsConfigurationTest@1339e7aa, testMethod = testFindByType@MyDocsBaseTest, testException = [null], mergedContextConfiguration = [MergedContextConfiguration@3f3c966c testClass = MyDocsConfigurationTest, locations = '{}', classes = '{class chapter03.MyDocsConfig}', contextInitializerClasses = '[]', activeProfiles = '{}', propertySourceLocations = '{}', propertySourceProperties = '{}', contextCustomizers = set[[empty]], contextLoader = 'org.springframework.test.context.support.DelegatingSmartContextLoader', parent = [null]], attributes = map['org.springframework.test.context.event.ApplicationEventsTestExecutionListener.recordApplicationEvents' -> false]], class annotated with @DirtiesContext [false] with mode [null], method annotated with @DirtiesContext [false] with mode [null].
17:14:44.421 [Test worker] DEBUG org.springframework.test.context.support.AbstractDirtiesContextTestExecutionListener - Before test method: context [DefaultTestContext@11963225 testClass = MyDocsConfigurationTest, testInstance = chapter03.MyDocsConfigurationTest@1339e7aa, testMethod = testListAll@MyDocsBaseTest, testException = [null], mergedContextConfiguration = [MergedContextConfiguration@3f3c966c testClass = MyDocsConfigurationTest, locations = '{}', classes = '{class chapter03.MyDocsConfig}', contextInitializerClasses = '[]', activeProfiles = '{}', propertySourceLocations = '{}', propertySourceProperties = '{}', contextCustomizers = set[[empty]], contextLoader = 'org.springframework.test.context.support.DelegatingSmartContextLoader', parent = [null]], attributes = map['org.springframework.test.context.event.ApplicationEventsTestExecutionListener.recordApplicationEvents' -> false]], class annotated with @DirtiesContext [false] with mode [null], method annotated with @DirtiesContext [false] with mode [null].
17:14:44.422 [Test worker] DEBUG org.springframework.test.context.cache.DefaultCacheAwareContextLoaderDelegate - Retrieved ApplicationContext [828241083] from cache with key [[MergedContextConfiguration@3f3c966c testClass = MyDocsConfigurationTest, locations = '{}', classes = '{class chapter03.MyDocsConfig}', contextInitializerClasses = '[]', activeProfiles = '{}', propertySourceLocations = '{}', propertySourceProperties = '{}', contextCustomizers = set[[empty]], contextLoader = 'org.springframework.test.context.support.DelegatingSmartContextLoader', parent = [null]]]
17:14:44.422 [Test worker] DEBUG org.springframework.test.context.cache - Spring test ApplicationContext cache statistics: [DefaultContextCache@29006752 size = 1, maxSize = 32, parentContextCount = 0, hitCount = 6, missCount = 1]
17:14:44.422 [Test worker] DEBUG org.springframework.test.context.cache.DefaultCacheAwareContextLoaderDelegate - Retrieved ApplicationContext [828241083] from cache with key [[MergedContextConfiguration@3f3c966c testClass = MyDocsConfigurationTest, locations = '{}', classes = '{class chapter03.MyDocsConfig}', contextInitializerClasses = '[]', activeProfiles = '{}', propertySourceLocations = '{}', propertySourceProperties = '{}', contextCustomizers = set[[empty]], contextLoader = 'org.springframework.test.context.support.DelegatingSmartContextLoader', parent = [null]]]
17:14:44.422 [Test worker] DEBUG org.springframework.test.context.cache - Spring test ApplicationContext cache statistics: [DefaultContextCache@29006752 size = 1, maxSize = 32, parentContextCount = 0, hitCount = 7, missCount = 1]
17:14:44.423 [Test worker] DEBUG org.springframework.test.context.support.AbstractDirtiesContextTestExecutionListener - After test method: context [DefaultTestContext@11963225 testClass = MyDocsConfigurationTest, testInstance = chapter03.MyDocsConfigurationTest@1339e7aa, testMethod = testListAll@MyDocsBaseTest, testException = [null], mergedContextConfiguration = [MergedContextConfiguration@3f3c966c testClass = MyDocsConfigurationTest, locations = '{}', classes = '{class chapter03.MyDocsConfig}', contextInitializerClasses = '[]', activeProfiles = '{}', propertySourceLocations = '{}', propertySourceProperties = '{}', contextCustomizers = set[[empty]], contextLoader = 'org.springframework.test.context.support.DelegatingSmartContextLoader', parent = [null]], attributes = map['org.springframework.test.context.event.ApplicationEventsTestExecutionListener.recordApplicationEvents' -> false]], class annotated with @DirtiesContext [false] with mode [null], method annotated with @DirtiesContext [false] with mode [null].
]]></system-out>
  <system-err><![CDATA[]]></system-err>
</testsuite>
