<?xml version="1.0" encoding="UTF-8"?>
<testsuite name="c06.MyDocsTest" tests="4" skipped="0" failures="0" errors="0" timestamp="2023-06-21T14:53:18" hostname="DESKTOP-V3QDITO" time="0.041">
  <properties/>
  <testcase name="testEngineNonNull" classname="c06.MyDocsTest" time="0.004"/>
  <testcase name="testFindByType" classname="c06.MyDocsTest" time="0.023"/>
  <testcase name="testFindSpreadSheet" classname="c06.MyDocsTest" time="0.002"/>
  <testcase name="testListAll" classname="c06.MyDocsTest" time="0.003"/>
  <system-out><![CDATA[10:53:17.493 [Test worker] DEBUG org.springframework.test.context.support.AbstractDirtiesContextTestExecutionListener - Before test class: context [DefaultTestContext@6f63b475 testClass = MyDocsTest, testInstance = [null], testMethod = [null], testException = [null], mergedContextConfiguration = [MergedContextConfiguration@554e218 testClass = MyDocsTest, locations = '{classpath:/explicit.xml}', classes = '{}', contextInitializerClasses = '[]', activeProfiles = '{}', propertySourceLocations = '{}', propertySourceProperties = '{}', contextCustomizers = set[[empty]], contextLoader = 'org.springframework.test.context.support.DelegatingSmartContextLoader', parent = [null]], attributes = map[[empty]]], class annotated with @DirtiesContext [false] with mode [null].
10:53:17.496 [Test worker] DEBUG org.springframework.test.context.support.DependencyInjectionTestExecutionListener - Performing dependency injection for test context [[DefaultTestContext@6f63b475 testClass = MyDocsTest, testInstance = c06.MyDocsTest@4671115f, testMethod = [null], testException = [null], mergedContextConfiguration = [MergedContextConfiguration@554e218 testClass = MyDocsTest, locations = '{classpath:/explicit.xml}', classes = '{}', contextInitializerClasses = '[]', activeProfiles = '{}', propertySourceLocations = '{}', propertySourceProperties = '{}', contextCustomizers = set[[empty]], contextLoader = 'org.springframework.test.context.support.DelegatingSmartContextLoader', parent = [null]], attributes = map['org.springframework.test.context.event.ApplicationEventsTestExecutionListener.recordApplicationEvents' -> false]]].
10:53:17.497 [Test worker] DEBUG org.springframework.test.context.support.AbstractDelegatingSmartContextLoader - Delegating to GenericXmlContextLoader to load context from [MergedContextConfiguration@554e218 testClass = MyDocsTest, locations = '{classpath:/explicit.xml}', classes = '{}', contextInitializerClasses = '[]', activeProfiles = '{}', propertySourceLocations = '{}', propertySourceProperties = '{}', contextCustomizers = set[[empty]], contextLoader = 'org.springframework.test.context.support.DelegatingSmartContextLoader', parent = [null]].
10:53:17.497 [Test worker] DEBUG org.springframework.test.context.support.AbstractGenericContextLoader - Loading ApplicationContext for merged context configuration [[MergedContextConfiguration@554e218 testClass = MyDocsTest, locations = '{classpath:/explicit.xml}', classes = '{}', contextInitializerClasses = '[]', activeProfiles = '{}', propertySourceLocations = '{}', propertySourceProperties = '{}', contextCustomizers = set[[empty]], contextLoader = 'org.springframework.test.context.support.DelegatingSmartContextLoader', parent = [null]]].
10:53:17.533 [Test worker] DEBUG org.springframework.core.env.StandardEnvironment - Activating profiles []
10:53:17.651 [Test worker] DEBUG org.springframework.beans.factory.support.DefaultListableBeanFactory - Overriding bean definition for bean 'c6DataSource' with a different definition: replacing [Generic bean: class [org.springframework.jdbc.datasource.DriverManagerDataSource]; scope=; abstract=false; lazyInit=false; autowireMode=0; dependencyCheck=0; autowireCandidate=true; primary=false; factoryBeanName=null; factoryMethodName=null; initMethodNames=null; destroyMethodNames=null; defined in class path resource [explicit.xml]] with [Root bean: class [org.springframework.jdbc.datasource.embedded.EmbeddedDatabaseFactoryBean]; scope=; abstract=false; lazyInit=null; autowireMode=0; dependencyCheck=0; autowireCandidate=true; primary=false; factoryBeanName=null; factoryMethodName=null; initMethodNames=null; destroyMethodNames=null]
10:53:17.654 [Test worker] DEBUG org.springframework.beans.factory.xml.XmlBeanDefinitionReader - Loaded 5 bean definitions from class path resource [explicit.xml]
10:53:17.661 [Test worker] DEBUG org.springframework.context.support.GenericApplicationContext - Refreshing org.springframework.context.support.GenericApplicationContext@1fde5d22
10:53:17.685 [Test worker] DEBUG org.springframework.beans.factory.support.DefaultListableBeanFactory - Creating shared instance of singleton bean 'org.springframework.context.annotation.internalConfigurationAnnotationProcessor'
10:53:17.720 [Test worker] DEBUG org.springframework.beans.factory.support.DefaultListableBeanFactory - Creating shared instance of singleton bean 'org.springframework.context.support.PropertySourcesPlaceholderConfigurer#0'
10:53:17.753 [Test worker] DEBUG org.springframework.beans.factory.support.DefaultListableBeanFactory - Creating shared instance of singleton bean 'org.springframework.context.event.internalEventListenerProcessor'
10:53:17.754 [Test worker] DEBUG org.springframework.beans.factory.support.DefaultListableBeanFactory - Creating shared instance of singleton bean 'org.springframework.context.event.internalEventListenerFactory'
10:53:17.755 [Test worker] DEBUG org.springframework.beans.factory.support.DefaultListableBeanFactory - Creating shared instance of singleton bean 'org.springframework.context.annotation.internalAutowiredAnnotationProcessor'
10:53:17.760 [Test worker] DEBUG org.springframework.beans.factory.support.DefaultListableBeanFactory - Creating shared instance of singleton bean 'c6DataSource'
10:53:17.797 [Test worker] INFO org.springframework.jdbc.datasource.embedded.EmbeddedDatabaseFactory - Starting embedded database: url='jdbc:h2:mem:c6DataSource;DB_CLOSE_DELAY=-1;DB_CLOSE_ON_EXIT=false', username='sa'
10:53:17.801 [Test worker] DEBUG org.springframework.jdbc.datasource.DataSourceUtils - Fetching JDBC Connection from DataSource
10:53:17.801 [Test worker] DEBUG org.springframework.jdbc.datasource.SimpleDriverDataSource - Creating new JDBC Driver Connection to [jdbc:h2:mem:c6DataSource;DB_CLOSE_DELAY=-1;DB_CLOSE_ON_EXIT=false]
10:53:17.985 [Test worker] DEBUG org.springframework.jdbc.datasource.init.ScriptUtils - Executing SQL script from class path resource [schema.sql]
10:53:17.997 [Test worker] DEBUG org.springframework.jdbc.datasource.init.ScriptUtils - 0 returned as update count for SQL: CREATE TABLE document ( id identity primary key, name varchar(255) not null, type varchar(16) not null, location varchar(255) not null )
10:53:17.997 [Test worker] DEBUG org.springframework.jdbc.datasource.init.ScriptUtils - Executed SQL script from class path resource [schema.sql] in 12 ms.
10:53:17.998 [Test worker] DEBUG org.springframework.jdbc.datasource.init.ScriptUtils - Executing SQL script from class path resource [import.sql]
10:53:18.001 [Test worker] DEBUG org.springframework.jdbc.datasource.init.ScriptUtils - 1 returned as update count for SQL: insert into document (id, name, type, location) values ( 1, 'Book Template', 'PDF', '/Docs/Template.pdf' )
10:53:18.001 [Test worker] DEBUG org.springframework.jdbc.datasource.init.ScriptUtils - 1 returned as update count for SQL: insert into document (id, name, type, location) values ( 2, 'Apress Home Page', 'URL', 'https://apress.com' )
10:53:18.002 [Test worker] DEBUG org.springframework.jdbc.datasource.init.ScriptUtils - 1 returned as update count for SQL: insert into document (id, name, type, location) values ( 3, 'Chapter Template', 'DOC', '/Docs/Chapter Sample.doc' )
10:53:18.002 [Test worker] DEBUG org.springframework.jdbc.datasource.init.ScriptUtils - 1 returned as update count for SQL: insert into document (id, name, type, location) values ( 4, 'chapter 1', 'DOCX', '/Book/Chapter 01.docx' )
10:53:18.002 [Test worker] DEBUG org.springframework.jdbc.datasource.init.ScriptUtils - 1 returned as update count for SQL: insert into document (id, name, type, location) values ( 5, 'budget', 'SPREADSHEET', '/Docs/Budget.xlsx' )
10:53:18.002 [Test worker] DEBUG org.springframework.jdbc.datasource.init.ScriptUtils - Executed SQL script from class path resource [import.sql] in 4 ms.
10:53:18.003 [Test worker] DEBUG org.springframework.beans.factory.support.DefaultListableBeanFactory - Creating shared instance of singleton bean 'jdbcTemplate'
10:53:18.022 [Test worker] DEBUG org.springframework.beans.factory.support.DefaultListableBeanFactory - Creating shared instance of singleton bean 'engine'
10:53:18.023 [Test worker] DEBUG org.springframework.beans.factory.support.DefaultListableBeanFactory - Creating shared instance of singleton bean 'documentDAO'
10:53:18.034 [Test worker] DEBUG org.springframework.test.context.cache.DefaultCacheAwareContextLoaderDelegate - Storing ApplicationContext [534666530] in cache under key [[MergedContextConfiguration@554e218 testClass = MyDocsTest, locations = '{classpath:/explicit.xml}', classes = '{}', contextInitializerClasses = '[]', activeProfiles = '{}', propertySourceLocations = '{}', propertySourceProperties = '{}', contextCustomizers = set[[empty]], contextLoader = 'org.springframework.test.context.support.DelegatingSmartContextLoader', parent = [null]]]
10:53:18.034 [Test worker] DEBUG org.springframework.test.context.cache - Spring test ApplicationContext cache statistics: [DefaultContextCache@66bfd864 size = 1, maxSize = 32, parentContextCount = 0, hitCount = 0, missCount = 1]
10:53:18.042 [Test worker] DEBUG org.springframework.test.context.cache.DefaultCacheAwareContextLoaderDelegate - Retrieved ApplicationContext [534666530] from cache with key [[MergedContextConfiguration@554e218 testClass = MyDocsTest, locations = '{classpath:/explicit.xml}', classes = '{}', contextInitializerClasses = '[]', activeProfiles = '{}', propertySourceLocations = '{}', propertySourceProperties = '{}', contextCustomizers = set[[empty]], contextLoader = 'org.springframework.test.context.support.DelegatingSmartContextLoader', parent = [null]]]
10:53:18.042 [Test worker] DEBUG org.springframework.test.context.cache - Spring test ApplicationContext cache statistics: [DefaultContextCache@66bfd864 size = 1, maxSize = 32, parentContextCount = 0, hitCount = 1, missCount = 1]
10:53:18.052 [Test worker] DEBUG org.springframework.test.context.support.AbstractDirtiesContextTestExecutionListener - Before test method: context [DefaultTestContext@6f63b475 testClass = MyDocsTest, testInstance = c06.MyDocsTest@4671115f, testMethod = testEngineNonNull@MyDocsTest, testException = [null], mergedContextConfiguration = [MergedContextConfiguration@554e218 testClass = MyDocsTest, locations = '{classpath:/explicit.xml}', classes = '{}', contextInitializerClasses = '[]', activeProfiles = '{}', propertySourceLocations = '{}', propertySourceProperties = '{}', contextCustomizers = set[[empty]], contextLoader = 'org.springframework.test.context.support.DelegatingSmartContextLoader', parent = [null]], attributes = map['org.springframework.test.context.event.ApplicationEventsTestExecutionListener.recordApplicationEvents' -> false]], class annotated with @DirtiesContext [false] with mode [null], method annotated with @DirtiesContext [false] with mode [null].
10:53:18.053 [Test worker] DEBUG org.springframework.test.context.cache.DefaultCacheAwareContextLoaderDelegate - Retrieved ApplicationContext [534666530] from cache with key [[MergedContextConfiguration@554e218 testClass = MyDocsTest, locations = '{classpath:/explicit.xml}', classes = '{}', contextInitializerClasses = '[]', activeProfiles = '{}', propertySourceLocations = '{}', propertySourceProperties = '{}', contextCustomizers = set[[empty]], contextLoader = 'org.springframework.test.context.support.DelegatingSmartContextLoader', parent = [null]]]
10:53:18.053 [Test worker] DEBUG org.springframework.test.context.cache - Spring test ApplicationContext cache statistics: [DefaultContextCache@66bfd864 size = 1, maxSize = 32, parentContextCount = 0, hitCount = 2, missCount = 1]
10:53:18.055 [Test worker] DEBUG org.springframework.test.context.cache.DefaultCacheAwareContextLoaderDelegate - Retrieved ApplicationContext [534666530] from cache with key [[MergedContextConfiguration@554e218 testClass = MyDocsTest, locations = '{classpath:/explicit.xml}', classes = '{}', contextInitializerClasses = '[]', activeProfiles = '{}', propertySourceLocations = '{}', propertySourceProperties = '{}', contextCustomizers = set[[empty]], contextLoader = 'org.springframework.test.context.support.DelegatingSmartContextLoader', parent = [null]]]
10:53:18.055 [Test worker] DEBUG org.springframework.test.context.cache - Spring test ApplicationContext cache statistics: [DefaultContextCache@66bfd864 size = 1, maxSize = 32, parentContextCount = 0, hitCount = 3, missCount = 1]
10:53:18.057 [Test worker] DEBUG org.springframework.test.context.cache.DefaultCacheAwareContextLoaderDelegate - Retrieved ApplicationContext [534666530] from cache with key [[MergedContextConfiguration@554e218 testClass = MyDocsTest, locations = '{classpath:/explicit.xml}', classes = '{}', contextInitializerClasses = '[]', activeProfiles = '{}', propertySourceLocations = '{}', propertySourceProperties = '{}', contextCustomizers = set[[empty]], contextLoader = 'org.springframework.test.context.support.DelegatingSmartContextLoader', parent = [null]]]
10:53:18.058 [Test worker] DEBUG org.springframework.test.context.cache - Spring test ApplicationContext cache statistics: [DefaultContextCache@66bfd864 size = 1, maxSize = 32, parentContextCount = 0, hitCount = 4, missCount = 1]
10:53:18.060 [Test worker] DEBUG org.springframework.test.context.cache.DefaultCacheAwareContextLoaderDelegate - Retrieved ApplicationContext [534666530] from cache with key [[MergedContextConfiguration@554e218 testClass = MyDocsTest, locations = '{classpath:/explicit.xml}', classes = '{}', contextInitializerClasses = '[]', activeProfiles = '{}', propertySourceLocations = '{}', propertySourceProperties = '{}', contextCustomizers = set[[empty]], contextLoader = 'org.springframework.test.context.support.DelegatingSmartContextLoader', parent = [null]]]
10:53:18.060 [Test worker] DEBUG org.springframework.test.context.cache - Spring test ApplicationContext cache statistics: [DefaultContextCache@66bfd864 size = 1, maxSize = 32, parentContextCount = 0, hitCount = 5, missCount = 1]
10:53:18.060 [Test worker] DEBUG org.springframework.test.context.support.AbstractDirtiesContextTestExecutionListener - After test method: context [DefaultTestContext@6f63b475 testClass = MyDocsTest, testInstance = c06.MyDocsTest@4671115f, testMethod = testEngineNonNull@MyDocsTest, testException = [null], mergedContextConfiguration = [MergedContextConfiguration@554e218 testClass = MyDocsTest, locations = '{classpath:/explicit.xml}', classes = '{}', contextInitializerClasses = '[]', activeProfiles = '{}', propertySourceLocations = '{}', propertySourceProperties = '{}', contextCustomizers = set[[empty]], contextLoader = 'org.springframework.test.context.support.DelegatingSmartContextLoader', parent = [null]], attributes = map['org.springframework.test.context.event.ApplicationEventsTestExecutionListener.recordApplicationEvents' -> false]], class annotated with @DirtiesContext [false] with mode [null], method annotated with @DirtiesContext [false] with mode [null].
10:53:18.062 [Test worker] DEBUG org.springframework.test.context.support.AbstractDirtiesContextTestExecutionListener - Before test method: context [DefaultTestContext@6f63b475 testClass = MyDocsTest, testInstance = c06.MyDocsTest@4671115f, testMethod = testFindByType@MyDocsTest, testException = [null], mergedContextConfiguration = [MergedContextConfiguration@554e218 testClass = MyDocsTest, locations = '{classpath:/explicit.xml}', classes = '{}', contextInitializerClasses = '[]', activeProfiles = '{}', propertySourceLocations = '{}', propertySourceProperties = '{}', contextCustomizers = set[[empty]], contextLoader = 'org.springframework.test.context.support.DelegatingSmartContextLoader', parent = [null]], attributes = map['org.springframework.test.context.event.ApplicationEventsTestExecutionListener.recordApplicationEvents' -> false]], class annotated with @DirtiesContext [false] with mode [null], method annotated with @DirtiesContext [false] with mode [null].
10:53:18.062 [Test worker] DEBUG org.springframework.test.context.cache.DefaultCacheAwareContextLoaderDelegate - Retrieved ApplicationContext [534666530] from cache with key [[MergedContextConfiguration@554e218 testClass = MyDocsTest, locations = '{classpath:/explicit.xml}', classes = '{}', contextInitializerClasses = '[]', activeProfiles = '{}', propertySourceLocations = '{}', propertySourceProperties = '{}', contextCustomizers = set[[empty]], contextLoader = 'org.springframework.test.context.support.DelegatingSmartContextLoader', parent = [null]]]
10:53:18.062 [Test worker] DEBUG org.springframework.test.context.cache - Spring test ApplicationContext cache statistics: [DefaultContextCache@66bfd864 size = 1, maxSize = 32, parentContextCount = 0, hitCount = 6, missCount = 1]
10:53:18.062 [Test worker] DEBUG org.springframework.test.context.cache.DefaultCacheAwareContextLoaderDelegate - Retrieved ApplicationContext [534666530] from cache with key [[MergedContextConfiguration@554e218 testClass = MyDocsTest, locations = '{classpath:/explicit.xml}', classes = '{}', contextInitializerClasses = '[]', activeProfiles = '{}', propertySourceLocations = '{}', propertySourceProperties = '{}', contextCustomizers = set[[empty]], contextLoader = 'org.springframework.test.context.support.DelegatingSmartContextLoader', parent = [null]]]
10:53:18.062 [Test worker] DEBUG org.springframework.test.context.cache - Spring test ApplicationContext cache statistics: [DefaultContextCache@66bfd864 size = 1, maxSize = 32, parentContextCount = 0, hitCount = 7, missCount = 1]
10:53:18.064 [Test worker] DEBUG org.springframework.jdbc.core.JdbcTemplate - Executing prepared SQL query
10:53:18.065 [Test worker] DEBUG org.springframework.jdbc.core.JdbcTemplate - Executing prepared SQL statement [select * from document d where d.type=?]
10:53:18.065 [Test worker] DEBUG org.springframework.jdbc.datasource.DataSourceUtils - Fetching JDBC Connection from DataSource
10:53:18.065 [Test worker] DEBUG org.springframework.jdbc.datasource.SimpleDriverDataSource - Creating new JDBC Driver Connection to [jdbc:h2:mem:c6DataSource;DB_CLOSE_DELAY=-1;DB_CLOSE_ON_EXIT=false]
10:53:18.085 [Test worker] DEBUG org.springframework.test.context.cache.DefaultCacheAwareContextLoaderDelegate - Retrieved ApplicationContext [534666530] from cache with key [[MergedContextConfiguration@554e218 testClass = MyDocsTest, locations = '{classpath:/explicit.xml}', classes = '{}', contextInitializerClasses = '[]', activeProfiles = '{}', propertySourceLocations = '{}', propertySourceProperties = '{}', contextCustomizers = set[[empty]], contextLoader = 'org.springframework.test.context.support.DelegatingSmartContextLoader', parent = [null]]]
10:53:18.085 [Test worker] DEBUG org.springframework.test.context.cache - Spring test ApplicationContext cache statistics: [DefaultContextCache@66bfd864 size = 1, maxSize = 32, parentContextCount = 0, hitCount = 8, missCount = 1]
10:53:18.086 [Test worker] DEBUG org.springframework.test.context.cache.DefaultCacheAwareContextLoaderDelegate - Retrieved ApplicationContext [534666530] from cache with key [[MergedContextConfiguration@554e218 testClass = MyDocsTest, locations = '{classpath:/explicit.xml}', classes = '{}', contextInitializerClasses = '[]', activeProfiles = '{}', propertySourceLocations = '{}', propertySourceProperties = '{}', contextCustomizers = set[[empty]], contextLoader = 'org.springframework.test.context.support.DelegatingSmartContextLoader', parent = [null]]]
10:53:18.086 [Test worker] DEBUG org.springframework.test.context.cache - Spring test ApplicationContext cache statistics: [DefaultContextCache@66bfd864 size = 1, maxSize = 32, parentContextCount = 0, hitCount = 9, missCount = 1]
10:53:18.086 [Test worker] DEBUG org.springframework.test.context.support.AbstractDirtiesContextTestExecutionListener - After test method: context [DefaultTestContext@6f63b475 testClass = MyDocsTest, testInstance = c06.MyDocsTest@4671115f, testMethod = testFindByType@MyDocsTest, testException = [null], mergedContextConfiguration = [MergedContextConfiguration@554e218 testClass = MyDocsTest, locations = '{classpath:/explicit.xml}', classes = '{}', contextInitializerClasses = '[]', activeProfiles = '{}', propertySourceLocations = '{}', propertySourceProperties = '{}', contextCustomizers = set[[empty]], contextLoader = 'org.springframework.test.context.support.DelegatingSmartContextLoader', parent = [null]], attributes = map['org.springframework.test.context.event.ApplicationEventsTestExecutionListener.recordApplicationEvents' -> false]], class annotated with @DirtiesContext [false] with mode [null], method annotated with @DirtiesContext [false] with mode [null].
10:53:18.087 [Test worker] DEBUG org.springframework.test.context.support.AbstractDirtiesContextTestExecutionListener - Before test method: context [DefaultTestContext@6f63b475 testClass = MyDocsTest, testInstance = c06.MyDocsTest@4671115f, testMethod = testFindSpreadSheet@MyDocsTest, testException = [null], mergedContextConfiguration = [MergedContextConfiguration@554e218 testClass = MyDocsTest, locations = '{classpath:/explicit.xml}', classes = '{}', contextInitializerClasses = '[]', activeProfiles = '{}', propertySourceLocations = '{}', propertySourceProperties = '{}', contextCustomizers = set[[empty]], contextLoader = 'org.springframework.test.context.support.DelegatingSmartContextLoader', parent = [null]], attributes = map['org.springframework.test.context.event.ApplicationEventsTestExecutionListener.recordApplicationEvents' -> false]], class annotated with @DirtiesContext [false] with mode [null], method annotated with @DirtiesContext [false] with mode [null].
10:53:18.087 [Test worker] DEBUG org.springframework.test.context.cache.DefaultCacheAwareContextLoaderDelegate - Retrieved ApplicationContext [534666530] from cache with key [[MergedContextConfiguration@554e218 testClass = MyDocsTest, locations = '{classpath:/explicit.xml}', classes = '{}', contextInitializerClasses = '[]', activeProfiles = '{}', propertySourceLocations = '{}', propertySourceProperties = '{}', contextCustomizers = set[[empty]], contextLoader = 'org.springframework.test.context.support.DelegatingSmartContextLoader', parent = [null]]]
10:53:18.087 [Test worker] DEBUG org.springframework.test.context.cache - Spring test ApplicationContext cache statistics: [DefaultContextCache@66bfd864 size = 1, maxSize = 32, parentContextCount = 0, hitCount = 10, missCount = 1]
10:53:18.087 [Test worker] DEBUG org.springframework.test.context.cache.DefaultCacheAwareContextLoaderDelegate - Retrieved ApplicationContext [534666530] from cache with key [[MergedContextConfiguration@554e218 testClass = MyDocsTest, locations = '{classpath:/explicit.xml}', classes = '{}', contextInitializerClasses = '[]', activeProfiles = '{}', propertySourceLocations = '{}', propertySourceProperties = '{}', contextCustomizers = set[[empty]], contextLoader = 'org.springframework.test.context.support.DelegatingSmartContextLoader', parent = [null]]]
10:53:18.087 [Test worker] DEBUG org.springframework.test.context.cache - Spring test ApplicationContext cache statistics: [DefaultContextCache@66bfd864 size = 1, maxSize = 32, parentContextCount = 0, hitCount = 11, missCount = 1]
10:53:18.088 [Test worker] DEBUG org.springframework.jdbc.core.JdbcTemplate - Executing prepared SQL query
10:53:18.088 [Test worker] DEBUG org.springframework.jdbc.core.JdbcTemplate - Executing prepared SQL statement [select * from document d where d.type=?]
10:53:18.088 [Test worker] DEBUG org.springframework.jdbc.datasource.DataSourceUtils - Fetching JDBC Connection from DataSource
10:53:18.088 [Test worker] DEBUG org.springframework.jdbc.datasource.SimpleDriverDataSource - Creating new JDBC Driver Connection to [jdbc:h2:mem:c6DataSource;DB_CLOSE_DELAY=-1;DB_CLOSE_ON_EXIT=false]
10:53:18.089 [Test worker] DEBUG org.springframework.test.context.cache.DefaultCacheAwareContextLoaderDelegate - Retrieved ApplicationContext [534666530] from cache with key [[MergedContextConfiguration@554e218 testClass = MyDocsTest, locations = '{classpath:/explicit.xml}', classes = '{}', contextInitializerClasses = '[]', activeProfiles = '{}', propertySourceLocations = '{}', propertySourceProperties = '{}', contextCustomizers = set[[empty]], contextLoader = 'org.springframework.test.context.support.DelegatingSmartContextLoader', parent = [null]]]
10:53:18.089 [Test worker] DEBUG org.springframework.test.context.cache - Spring test ApplicationContext cache statistics: [DefaultContextCache@66bfd864 size = 1, maxSize = 32, parentContextCount = 0, hitCount = 12, missCount = 1]
10:53:18.090 [Test worker] DEBUG org.springframework.test.context.cache.DefaultCacheAwareContextLoaderDelegate - Retrieved ApplicationContext [534666530] from cache with key [[MergedContextConfiguration@554e218 testClass = MyDocsTest, locations = '{classpath:/explicit.xml}', classes = '{}', contextInitializerClasses = '[]', activeProfiles = '{}', propertySourceLocations = '{}', propertySourceProperties = '{}', contextCustomizers = set[[empty]], contextLoader = 'org.springframework.test.context.support.DelegatingSmartContextLoader', parent = [null]]]
10:53:18.090 [Test worker] DEBUG org.springframework.test.context.cache - Spring test ApplicationContext cache statistics: [DefaultContextCache@66bfd864 size = 1, maxSize = 32, parentContextCount = 0, hitCount = 13, missCount = 1]
10:53:18.090 [Test worker] DEBUG org.springframework.test.context.support.AbstractDirtiesContextTestExecutionListener - After test method: context [DefaultTestContext@6f63b475 testClass = MyDocsTest, testInstance = c06.MyDocsTest@4671115f, testMethod = testFindSpreadSheet@MyDocsTest, testException = [null], mergedContextConfiguration = [MergedContextConfiguration@554e218 testClass = MyDocsTest, locations = '{classpath:/explicit.xml}', classes = '{}', contextInitializerClasses = '[]', activeProfiles = '{}', propertySourceLocations = '{}', propertySourceProperties = '{}', contextCustomizers = set[[empty]], contextLoader = 'org.springframework.test.context.support.DelegatingSmartContextLoader', parent = [null]], attributes = map['org.springframework.test.context.event.ApplicationEventsTestExecutionListener.recordApplicationEvents' -> false]], class annotated with @DirtiesContext [false] with mode [null], method annotated with @DirtiesContext [false] with mode [null].
10:53:18.092 [Test worker] DEBUG org.springframework.test.context.support.AbstractDirtiesContextTestExecutionListener - Before test method: context [DefaultTestContext@6f63b475 testClass = MyDocsTest, testInstance = c06.MyDocsTest@4671115f, testMethod = testListAll@MyDocsTest, testException = [null], mergedContextConfiguration = [MergedContextConfiguration@554e218 testClass = MyDocsTest, locations = '{classpath:/explicit.xml}', classes = '{}', contextInitializerClasses = '[]', activeProfiles = '{}', propertySourceLocations = '{}', propertySourceProperties = '{}', contextCustomizers = set[[empty]], contextLoader = 'org.springframework.test.context.support.DelegatingSmartContextLoader', parent = [null]], attributes = map['org.springframework.test.context.event.ApplicationEventsTestExecutionListener.recordApplicationEvents' -> false]], class annotated with @DirtiesContext [false] with mode [null], method annotated with @DirtiesContext [false] with mode [null].
10:53:18.092 [Test worker] DEBUG org.springframework.test.context.cache.DefaultCacheAwareContextLoaderDelegate - Retrieved ApplicationContext [534666530] from cache with key [[MergedContextConfiguration@554e218 testClass = MyDocsTest, locations = '{classpath:/explicit.xml}', classes = '{}', contextInitializerClasses = '[]', activeProfiles = '{}', propertySourceLocations = '{}', propertySourceProperties = '{}', contextCustomizers = set[[empty]], contextLoader = 'org.springframework.test.context.support.DelegatingSmartContextLoader', parent = [null]]]
10:53:18.092 [Test worker] DEBUG org.springframework.test.context.cache - Spring test ApplicationContext cache statistics: [DefaultContextCache@66bfd864 size = 1, maxSize = 32, parentContextCount = 0, hitCount = 14, missCount = 1]
10:53:18.093 [Test worker] DEBUG org.springframework.test.context.cache.DefaultCacheAwareContextLoaderDelegate - Retrieved ApplicationContext [534666530] from cache with key [[MergedContextConfiguration@554e218 testClass = MyDocsTest, locations = '{classpath:/explicit.xml}', classes = '{}', contextInitializerClasses = '[]', activeProfiles = '{}', propertySourceLocations = '{}', propertySourceProperties = '{}', contextCustomizers = set[[empty]], contextLoader = 'org.springframework.test.context.support.DelegatingSmartContextLoader', parent = [null]]]
10:53:18.093 [Test worker] DEBUG org.springframework.test.context.cache - Spring test ApplicationContext cache statistics: [DefaultContextCache@66bfd864 size = 1, maxSize = 32, parentContextCount = 0, hitCount = 15, missCount = 1]
10:53:18.093 [Test worker] DEBUG org.springframework.jdbc.core.JdbcTemplate - Executing SQL query [select * from document]
10:53:18.094 [Test worker] DEBUG org.springframework.jdbc.datasource.DataSourceUtils - Fetching JDBC Connection from DataSource
10:53:18.094 [Test worker] DEBUG org.springframework.jdbc.datasource.SimpleDriverDataSource - Creating new JDBC Driver Connection to [jdbc:h2:mem:c6DataSource;DB_CLOSE_DELAY=-1;DB_CLOSE_ON_EXIT=false]
10:53:18.095 [Test worker] DEBUG org.springframework.test.context.cache.DefaultCacheAwareContextLoaderDelegate - Retrieved ApplicationContext [534666530] from cache with key [[MergedContextConfiguration@554e218 testClass = MyDocsTest, locations = '{classpath:/explicit.xml}', classes = '{}', contextInitializerClasses = '[]', activeProfiles = '{}', propertySourceLocations = '{}', propertySourceProperties = '{}', contextCustomizers = set[[empty]], contextLoader = 'org.springframework.test.context.support.DelegatingSmartContextLoader', parent = [null]]]
10:53:18.095 [Test worker] DEBUG org.springframework.test.context.cache - Spring test ApplicationContext cache statistics: [DefaultContextCache@66bfd864 size = 1, maxSize = 32, parentContextCount = 0, hitCount = 16, missCount = 1]
10:53:18.095 [Test worker] DEBUG org.springframework.test.context.cache.DefaultCacheAwareContextLoaderDelegate - Retrieved ApplicationContext [534666530] from cache with key [[MergedContextConfiguration@554e218 testClass = MyDocsTest, locations = '{classpath:/explicit.xml}', classes = '{}', contextInitializerClasses = '[]', activeProfiles = '{}', propertySourceLocations = '{}', propertySourceProperties = '{}', contextCustomizers = set[[empty]], contextLoader = 'org.springframework.test.context.support.DelegatingSmartContextLoader', parent = [null]]]
10:53:18.095 [Test worker] DEBUG org.springframework.test.context.cache - Spring test ApplicationContext cache statistics: [DefaultContextCache@66bfd864 size = 1, maxSize = 32, parentContextCount = 0, hitCount = 17, missCount = 1]
10:53:18.095 [Test worker] DEBUG org.springframework.test.context.support.AbstractDirtiesContextTestExecutionListener - After test method: context [DefaultTestContext@6f63b475 testClass = MyDocsTest, testInstance = c06.MyDocsTest@4671115f, testMethod = testListAll@MyDocsTest, testException = [null], mergedContextConfiguration = [MergedContextConfiguration@554e218 testClass = MyDocsTest, locations = '{classpath:/explicit.xml}', classes = '{}', contextInitializerClasses = '[]', activeProfiles = '{}', propertySourceLocations = '{}', propertySourceProperties = '{}', contextCustomizers = set[[empty]], contextLoader = 'org.springframework.test.context.support.DelegatingSmartContextLoader', parent = [null]], attributes = map['org.springframework.test.context.event.ApplicationEventsTestExecutionListener.recordApplicationEvents' -> false]], class annotated with @DirtiesContext [false] with mode [null], method annotated with @DirtiesContext [false] with mode [null].
]]></system-out>
  <system-err><![CDATA[]]></system-err>
</testsuite>
