<?xml version="1.0" encoding="UTF-8"?>
<testsuite name="c04.ScopesTest" tests="4" skipped="0" failures="0" errors="0" timestamp="2023-06-06T16:04:03" hostname="DESKTOP-V3QDITO" time="0.26">
  <properties/>
  <testcase name="testConfiguration[0](t1-noproto.xml)" classname="c04.ScopesTest" time="0.2"/>
  <testcase name="testConfiguration[1](t1-protoboth.xml)" classname="c04.ScopesTest" time="0.024"/>
  <testcase name="testConfiguration[2](t1-protocons.xml)" classname="c04.ScopesTest" time="0.019"/>
  <testcase name="testConfiguration[3](t1-protoprod.xml)" classname="c04.ScopesTest" time="0.016"/>
  <system-out><![CDATA[
********************t1-noproto.xml********************
12:04:03.464 [Test worker] DEBUG org.springframework.context.support.ClassPathXmlApplicationContext - Refreshing org.springframework.context.support.ClassPathXmlApplicationContext@6aa61224
12:04:03.576 [Test worker] DEBUG org.springframework.beans.factory.xml.XmlBeanDefinitionReader - Loaded 3 bean definitions from class path resource [t1-noproto.xml]
12:04:03.599 [Test worker] DEBUG org.springframework.beans.factory.support.DefaultListableBeanFactory - Creating shared instance of singleton bean 'producer'
12:04:03.600 [Test worker] INFO c04.Producer - constructed as 736d6a5c
12:04:03.609 [Test worker] DEBUG org.springframework.beans.factory.support.DefaultListableBeanFactory - Creating shared instance of singleton bean 'consumer'
12:04:03.621 [Test worker] INFO c04.Consumer - constructed with producer 736d6a5c
12:04:03.621 [Test worker] DEBUG org.springframework.beans.factory.support.DefaultListableBeanFactory - Creating shared instance of singleton bean 'producerBean'

********************t1-protoboth.xml********************
12:04:03.646 [Test worker] DEBUG org.springframework.context.support.ClassPathXmlApplicationContext - Refreshing org.springframework.context.support.ClassPathXmlApplicationContext@4a3329b9
12:04:03.667 [Test worker] DEBUG org.springframework.beans.factory.xml.XmlBeanDefinitionReader - Loaded 4 bean definitions from class path resource [t1-protoboth.xml]
12:04:03.668 [Test worker] DEBUG org.springframework.beans.factory.support.DefaultListableBeanFactory - Creating shared instance of singleton bean 'producerBean'
12:04:03.668 [Test worker] DEBUG org.springframework.beans.factory.support.DefaultListableBeanFactory - Creating shared instance of singleton bean 'consumerBean'
12:04:03.669 [Test worker] INFO c04.Producer - constructed as 1dd0e7c4
12:04:03.669 [Test worker] INFO c04.Producer - constructed as 7894f09b
12:04:03.669 [Test worker] INFO c04.Producer - constructed as 3d484181
12:04:03.670 [Test worker] INFO c04.Consumer - constructed with producer 3d484181
12:04:03.670 [Test worker] INFO c04.Producer - constructed as 7be58f16
12:04:03.670 [Test worker] INFO c04.Consumer - constructed with producer 7be58f16

********************t1-protocons.xml********************
12:04:03.671 [Test worker] DEBUG org.springframework.context.support.ClassPathXmlApplicationContext - Refreshing org.springframework.context.support.ClassPathXmlApplicationContext@5b11a194
12:04:03.685 [Test worker] DEBUG org.springframework.beans.factory.xml.XmlBeanDefinitionReader - Loaded 3 bean definitions from class path resource [t1-protocons.xml]
12:04:03.686 [Test worker] DEBUG org.springframework.beans.factory.support.DefaultListableBeanFactory - Creating shared instance of singleton bean 'producer'
12:04:03.686 [Test worker] INFO c04.Producer - constructed as 652a7737
12:04:03.687 [Test worker] DEBUG org.springframework.beans.factory.support.DefaultListableBeanFactory - Creating shared instance of singleton bean 'consumerBean'
12:04:03.689 [Test worker] INFO c04.Consumer - constructed with producer 652a7737
12:04:03.689 [Test worker] INFO c04.Consumer - constructed with producer 652a7737

********************t1-protoprod.xml********************
12:04:03.690 [Test worker] DEBUG org.springframework.context.support.ClassPathXmlApplicationContext - Refreshing org.springframework.context.support.ClassPathXmlApplicationContext@30f5a68a
12:04:03.701 [Test worker] DEBUG org.springframework.beans.factory.xml.XmlBeanDefinitionReader - Loaded 3 bean definitions from class path resource [t1-protoprod.xml]
12:04:03.703 [Test worker] DEBUG org.springframework.beans.factory.support.DefaultListableBeanFactory - Creating shared instance of singleton bean 'consumer'
12:04:03.703 [Test worker] INFO c04.Producer - constructed as 485a3466
12:04:03.704 [Test worker] INFO c04.Consumer - constructed with producer 485a3466
12:04:03.704 [Test worker] DEBUG org.springframework.beans.factory.support.DefaultListableBeanFactory - Creating shared instance of singleton bean 'producerBean'
12:04:03.705 [Test worker] INFO c04.Producer - constructed as 4264b240
12:04:03.705 [Test worker] INFO c04.Producer - constructed as 5b04476e
]]></system-out>
  <system-err><![CDATA[]]></system-err>
</testsuite>
