<?xml version="1.0" encoding="UTF-8"?>
<testsuite name="c05.ResourceInjectionTest" tests="1" skipped="0" failures="0" errors="0" timestamp="2023-06-13T12:29:50" hostname="DESKTOP-V3QDITO" time="0.001">
  <properties/>
  <testcase name="testHelloWorld" classname="c05.ResourceInjectionTest" time="0.001"/>
  <system-out><![CDATA[08:29:50.894 [Test worker] DEBUG org.springframework.test.context.support.AbstractDirtiesContextTestExecutionListener - Before test class: context [DefaultTestContext@1a2e2935 testClass = ResourceInjectionTest, testInstance = [null], testMethod = [null], testException = [null], mergedContextConfiguration = [MergedContextConfiguration@733c423e testClass = ResourceInjectionTest, locations = '{}', classes = '{class c05.ResourceInjectionConfig}', contextInitializerClasses = '[]', activeProfiles = '{}', propertySourceLocations = '{}', propertySourceProperties = '{}', contextCustomizers = set[[empty]], contextLoader = 'org.springframework.test.context.support.DelegatingSmartContextLoader', parent = [null]], attributes = map[[empty]]], class annotated with @DirtiesContext [false] with mode [null].
08:29:50.894 [Test worker] DEBUG org.springframework.test.context.support.DependencyInjectionTestExecutionListener - Performing dependency injection for test context [[DefaultTestContext@1a2e2935 testClass = ResourceInjectionTest, testInstance = c05.ResourceInjectionTest@6239aba6, testMethod = [null], testException = [null], mergedContextConfiguration = [MergedContextConfiguration@733c423e testClass = ResourceInjectionTest, locations = '{}', classes = '{class c05.ResourceInjectionConfig}', contextInitializerClasses = '[]', activeProfiles = '{}', propertySourceLocations = '{}', propertySourceProperties = '{}', contextCustomizers = set[[empty]], contextLoader = 'org.springframework.test.context.support.DelegatingSmartContextLoader', parent = [null]], attributes = map['org.springframework.test.context.event.ApplicationEventsTestExecutionListener.recordApplicationEvents' -> false]]].
08:29:50.894 [Test worker] DEBUG org.springframework.test.context.support.AbstractDelegatingSmartContextLoader - Delegating to AnnotationConfigContextLoader to load context from [MergedContextConfiguration@733c423e testClass = ResourceInjectionTest, locations = '{}', classes = '{class c05.ResourceInjectionConfig}', contextInitializerClasses = '[]', activeProfiles = '{}', propertySourceLocations = '{}', propertySourceProperties = '{}', contextCustomizers = set[[empty]], contextLoader = 'org.springframework.test.context.support.DelegatingSmartContextLoader', parent = [null]].
08:29:50.894 [Test worker] DEBUG org.springframework.test.context.support.AbstractGenericContextLoader - Loading ApplicationContext for merged context configuration [[MergedContextConfiguration@733c423e testClass = ResourceInjectionTest, locations = '{}', classes = '{class c05.ResourceInjectionConfig}', contextInitializerClasses = '[]', activeProfiles = '{}', propertySourceLocations = '{}', propertySourceProperties = '{}', contextCustomizers = set[[empty]], contextLoader = 'org.springframework.test.context.support.DelegatingSmartContextLoader', parent = [null]]].
08:29:50.894 [Test worker] DEBUG org.springframework.core.env.StandardEnvironment - Activating profiles []
08:29:50.894 [Test worker] DEBUG org.springframework.test.context.support.AnnotationConfigContextLoader - Registering component classes: {class c05.ResourceInjectionConfig}
08:29:50.895 [Test worker] DEBUG org.springframework.context.support.GenericApplicationContext - Refreshing org.springframework.context.support.GenericApplicationContext@70925b45
08:29:50.895 [Test worker] DEBUG org.springframework.beans.factory.support.DefaultListableBeanFactory - Creating shared instance of singleton bean 'org.springframework.context.annotation.internalConfigurationAnnotationProcessor'
08:29:50.907 [Test worker] DEBUG org.springframework.beans.factory.support.DefaultListableBeanFactory - Creating shared instance of singleton bean 'org.springframework.context.event.internalEventListenerProcessor'
08:29:50.908 [Test worker] DEBUG org.springframework.beans.factory.support.DefaultListableBeanFactory - Creating shared instance of singleton bean 'org.springframework.context.event.internalEventListenerFactory'
08:29:50.908 [Test worker] DEBUG org.springframework.beans.factory.support.DefaultListableBeanFactory - Creating shared instance of singleton bean 'org.springframework.context.annotation.internalAutowiredAnnotationProcessor'
08:29:50.909 [Test worker] DEBUG org.springframework.beans.factory.support.DefaultListableBeanFactory - Creating shared instance of singleton bean 'resourceInjectionConfig'
08:29:50.909 [Test worker] DEBUG org.springframework.beans.factory.support.DefaultListableBeanFactory - Creating shared instance of singleton bean 'getHelloWorldResource'
08:29:50.914 [Test worker] DEBUG org.springframework.beans.factory.support.DefaultListableBeanFactory - Creating shared instance of singleton bean 'getContent'
08:29:50.917 [Test worker] DEBUG org.springframework.beans.factory.support.DefaultListableBeanFactory - Autowiring by type from bean name 'getContent' via factory method to bean named 'getHelloWorldResource'
08:29:50.921 [Test worker] DEBUG org.springframework.test.context.cache.DefaultCacheAwareContextLoaderDelegate - Storing ApplicationContext [1888639813] in cache under key [[MergedContextConfiguration@733c423e testClass = ResourceInjectionTest, locations = '{}', classes = '{class c05.ResourceInjectionConfig}', contextInitializerClasses = '[]', activeProfiles = '{}', propertySourceLocations = '{}', propertySourceProperties = '{}', contextCustomizers = set[[empty]], contextLoader = 'org.springframework.test.context.support.DelegatingSmartContextLoader', parent = [null]]]
08:29:50.922 [Test worker] DEBUG org.springframework.test.context.cache - Spring test ApplicationContext cache statistics: [DefaultContextCache@224b4d61 size = 3, maxSize = 32, parentContextCount = 0, hitCount = 44, missCount = 3]
08:29:50.923 [Test worker] DEBUG org.springframework.test.context.cache.DefaultCacheAwareContextLoaderDelegate - Retrieved ApplicationContext [1888639813] from cache with key [[MergedContextConfiguration@733c423e testClass = ResourceInjectionTest, locations = '{}', classes = '{class c05.ResourceInjectionConfig}', contextInitializerClasses = '[]', activeProfiles = '{}', propertySourceLocations = '{}', propertySourceProperties = '{}', contextCustomizers = set[[empty]], contextLoader = 'org.springframework.test.context.support.DelegatingSmartContextLoader', parent = [null]]]
08:29:50.923 [Test worker] DEBUG org.springframework.test.context.cache - Spring test ApplicationContext cache statistics: [DefaultContextCache@224b4d61 size = 3, maxSize = 32, parentContextCount = 0, hitCount = 45, missCount = 3]
08:29:50.924 [Test worker] DEBUG org.springframework.test.context.support.AbstractDirtiesContextTestExecutionListener - Before test method: context [DefaultTestContext@1a2e2935 testClass = ResourceInjectionTest, testInstance = c05.ResourceInjectionTest@6239aba6, testMethod = testHelloWorld@ResourceInjectionTest, testException = [null], mergedContextConfiguration = [MergedContextConfiguration@733c423e testClass = ResourceInjectionTest, locations = '{}', classes = '{class c05.ResourceInjectionConfig}', contextInitializerClasses = '[]', activeProfiles = '{}', propertySourceLocations = '{}', propertySourceProperties = '{}', contextCustomizers = set[[empty]], contextLoader = 'org.springframework.test.context.support.DelegatingSmartContextLoader', parent = [null]], attributes = map['org.springframework.test.context.event.ApplicationEventsTestExecutionListener.recordApplicationEvents' -> false]], class annotated with @DirtiesContext [false] with mode [null], method annotated with @DirtiesContext [false] with mode [null].
08:29:50.924 [Test worker] DEBUG org.springframework.test.context.cache.DefaultCacheAwareContextLoaderDelegate - Retrieved ApplicationContext [1888639813] from cache with key [[MergedContextConfiguration@733c423e testClass = ResourceInjectionTest, locations = '{}', classes = '{class c05.ResourceInjectionConfig}', contextInitializerClasses = '[]', activeProfiles = '{}', propertySourceLocations = '{}', propertySourceProperties = '{}', contextCustomizers = set[[empty]], contextLoader = 'org.springframework.test.context.support.DelegatingSmartContextLoader', parent = [null]]]
08:29:50.924 [Test worker] DEBUG org.springframework.test.context.cache - Spring test ApplicationContext cache statistics: [DefaultContextCache@224b4d61 size = 3, maxSize = 32, parentContextCount = 0, hitCount = 46, missCount = 3]
08:29:50.925 [Test worker] DEBUG org.springframework.test.context.cache.DefaultCacheAwareContextLoaderDelegate - Retrieved ApplicationContext [1888639813] from cache with key [[MergedContextConfiguration@733c423e testClass = ResourceInjectionTest, locations = '{}', classes = '{class c05.ResourceInjectionConfig}', contextInitializerClasses = '[]', activeProfiles = '{}', propertySourceLocations = '{}', propertySourceProperties = '{}', contextCustomizers = set[[empty]], contextLoader = 'org.springframework.test.context.support.DelegatingSmartContextLoader', parent = [null]]]
08:29:50.925 [Test worker] DEBUG org.springframework.test.context.cache - Spring test ApplicationContext cache statistics: [DefaultContextCache@224b4d61 size = 3, maxSize = 32, parentContextCount = 0, hitCount = 47, missCount = 3]
08:29:50.925 [Test worker] DEBUG org.springframework.test.context.cache.DefaultCacheAwareContextLoaderDelegate - Retrieved ApplicationContext [1888639813] from cache with key [[MergedContextConfiguration@733c423e testClass = ResourceInjectionTest, locations = '{}', classes = '{class c05.ResourceInjectionConfig}', contextInitializerClasses = '[]', activeProfiles = '{}', propertySourceLocations = '{}', propertySourceProperties = '{}', contextCustomizers = set[[empty]], contextLoader = 'org.springframework.test.context.support.DelegatingSmartContextLoader', parent = [null]]]
08:29:50.925 [Test worker] DEBUG org.springframework.test.context.cache - Spring test ApplicationContext cache statistics: [DefaultContextCache@224b4d61 size = 3, maxSize = 32, parentContextCount = 0, hitCount = 48, missCount = 3]
08:29:50.926 [Test worker] DEBUG org.springframework.test.context.cache.DefaultCacheAwareContextLoaderDelegate - Retrieved ApplicationContext [1888639813] from cache with key [[MergedContextConfiguration@733c423e testClass = ResourceInjectionTest, locations = '{}', classes = '{class c05.ResourceInjectionConfig}', contextInitializerClasses = '[]', activeProfiles = '{}', propertySourceLocations = '{}', propertySourceProperties = '{}', contextCustomizers = set[[empty]], contextLoader = 'org.springframework.test.context.support.DelegatingSmartContextLoader', parent = [null]]]
08:29:50.926 [Test worker] DEBUG org.springframework.test.context.cache - Spring test ApplicationContext cache statistics: [DefaultContextCache@224b4d61 size = 3, maxSize = 32, parentContextCount = 0, hitCount = 49, missCount = 3]
08:29:50.926 [Test worker] DEBUG org.springframework.test.context.support.AbstractDirtiesContextTestExecutionListener - After test method: context [DefaultTestContext@1a2e2935 testClass = ResourceInjectionTest, testInstance = c05.ResourceInjectionTest@6239aba6, testMethod = testHelloWorld@ResourceInjectionTest, testException = [null], mergedContextConfiguration = [MergedContextConfiguration@733c423e testClass = ResourceInjectionTest, locations = '{}', classes = '{class c05.ResourceInjectionConfig}', contextInitializerClasses = '[]', activeProfiles = '{}', propertySourceLocations = '{}', propertySourceProperties = '{}', contextCustomizers = set[[empty]], contextLoader = 'org.springframework.test.context.support.DelegatingSmartContextLoader', parent = [null]], attributes = map['org.springframework.test.context.event.ApplicationEventsTestExecutionListener.recordApplicationEvents' -> false]], class annotated with @DirtiesContext [false] with mode [null], method annotated with @DirtiesContext [false] with mode [null].
]]></system-out>
  <system-err><![CDATA[]]></system-err>
</testsuite>
