<?xml version="1.0" encoding="UTF-8"?>
<testsuite name="c05.PropertyTest" tests="1" skipped="0" failures="0" errors="0" timestamp="2023-06-13T12:29:50" hostname="DESKTOP-V3QDITO" time="0.0">
  <properties/>
  <testcase name="testTitle" classname="c05.PropertyTest" time="0.0"/>
  <system-out><![CDATA[08:29:50.864 [Test worker] DEBUG org.springframework.test.context.support.AbstractDirtiesContextTestExecutionListener - Before test class: context [DefaultTestContext@7cc586a8 testClass = PropertyTest, testInstance = [null], testMethod = [null], testException = [null], mergedContextConfiguration = [MergedContextConfiguration@7db534f2 testClass = PropertyTest, locations = '{}', classes = '{class c05.PropertyConfiguration}', contextInitializerClasses = '[]', activeProfiles = '{}', propertySourceLocations = '{}', propertySourceProperties = '{}', contextCustomizers = set[[empty]], contextLoader = 'org.springframework.test.context.support.DelegatingSmartContextLoader', parent = [null]], attributes = map[[empty]]], class annotated with @DirtiesContext [false] with mode [null].
08:29:50.865 [Test worker] DEBUG org.springframework.test.context.support.DependencyInjectionTestExecutionListener - Performing dependency injection for test context [[DefaultTestContext@7cc586a8 testClass = PropertyTest, testInstance = c05.PropertyTest@6c4980d3, testMethod = [null], testException = [null], mergedContextConfiguration = [MergedContextConfiguration@7db534f2 testClass = PropertyTest, locations = '{}', classes = '{class c05.PropertyConfiguration}', contextInitializerClasses = '[]', activeProfiles = '{}', propertySourceLocations = '{}', propertySourceProperties = '{}', contextCustomizers = set[[empty]], contextLoader = 'org.springframework.test.context.support.DelegatingSmartContextLoader', parent = [null]], attributes = map['org.springframework.test.context.event.ApplicationEventsTestExecutionListener.recordApplicationEvents' -> false]]].
08:29:50.865 [Test worker] DEBUG org.springframework.test.context.support.AbstractDelegatingSmartContextLoader - Delegating to AnnotationConfigContextLoader to load context from [MergedContextConfiguration@7db534f2 testClass = PropertyTest, locations = '{}', classes = '{class c05.PropertyConfiguration}', contextInitializerClasses = '[]', activeProfiles = '{}', propertySourceLocations = '{}', propertySourceProperties = '{}', contextCustomizers = set[[empty]], contextLoader = 'org.springframework.test.context.support.DelegatingSmartContextLoader', parent = [null]].
08:29:50.865 [Test worker] DEBUG org.springframework.test.context.support.AbstractGenericContextLoader - Loading ApplicationContext for merged context configuration [[MergedContextConfiguration@7db534f2 testClass = PropertyTest, locations = '{}', classes = '{class c05.PropertyConfiguration}', contextInitializerClasses = '[]', activeProfiles = '{}', propertySourceLocations = '{}', propertySourceProperties = '{}', contextCustomizers = set[[empty]], contextLoader = 'org.springframework.test.context.support.DelegatingSmartContextLoader', parent = [null]]].
08:29:50.865 [Test worker] DEBUG org.springframework.core.env.StandardEnvironment - Activating profiles []
08:29:50.865 [Test worker] DEBUG org.springframework.test.context.support.AnnotationConfigContextLoader - Registering component classes: {class c05.PropertyConfiguration}
08:29:50.867 [Test worker] DEBUG org.springframework.context.support.GenericApplicationContext - Refreshing org.springframework.context.support.GenericApplicationContext@7a56812e
08:29:50.868 [Test worker] DEBUG org.springframework.beans.factory.support.DefaultListableBeanFactory - Creating shared instance of singleton bean 'org.springframework.context.annotation.internalConfigurationAnnotationProcessor'
08:29:50.874 [Test worker] DEBUG org.springframework.beans.factory.support.DefaultListableBeanFactory - Creating shared instance of singleton bean 'org.springframework.context.event.internalEventListenerProcessor'
08:29:50.875 [Test worker] DEBUG org.springframework.beans.factory.support.DefaultListableBeanFactory - Creating shared instance of singleton bean 'org.springframework.context.event.internalEventListenerFactory'
08:29:50.875 [Test worker] DEBUG org.springframework.beans.factory.support.DefaultListableBeanFactory - Creating shared instance of singleton bean 'org.springframework.context.annotation.internalAutowiredAnnotationProcessor'
08:29:50.875 [Test worker] DEBUG org.springframework.beans.factory.support.DefaultListableBeanFactory - Creating shared instance of singleton bean 'propertyConfiguration'
08:29:50.877 [Test worker] DEBUG org.springframework.core.env.PropertySourcesPropertyResolver - Found key 'app.title' in PropertySource 'class path resource [menu.properties]' with value of type String
08:29:50.884 [Test worker] DEBUG org.springframework.beans.factory.support.DefaultListableBeanFactory - Creating shared instance of singleton bean 'getTitle'
08:29:50.888 [Test worker] DEBUG org.springframework.test.context.cache.DefaultCacheAwareContextLoaderDelegate - Storing ApplicationContext [2052489518] in cache under key [[MergedContextConfiguration@7db534f2 testClass = PropertyTest, locations = '{}', classes = '{class c05.PropertyConfiguration}', contextInitializerClasses = '[]', activeProfiles = '{}', propertySourceLocations = '{}', propertySourceProperties = '{}', contextCustomizers = set[[empty]], contextLoader = 'org.springframework.test.context.support.DelegatingSmartContextLoader', parent = [null]]]
08:29:50.888 [Test worker] DEBUG org.springframework.test.context.cache - Spring test ApplicationContext cache statistics: [DefaultContextCache@224b4d61 size = 2, maxSize = 32, parentContextCount = 0, hitCount = 38, missCount = 2]
08:29:50.889 [Test worker] DEBUG org.springframework.test.context.cache.DefaultCacheAwareContextLoaderDelegate - Retrieved ApplicationContext [2052489518] from cache with key [[MergedContextConfiguration@7db534f2 testClass = PropertyTest, locations = '{}', classes = '{class c05.PropertyConfiguration}', contextInitializerClasses = '[]', activeProfiles = '{}', propertySourceLocations = '{}', propertySourceProperties = '{}', contextCustomizers = set[[empty]], contextLoader = 'org.springframework.test.context.support.DelegatingSmartContextLoader', parent = [null]]]
08:29:50.890 [Test worker] DEBUG org.springframework.test.context.cache - Spring test ApplicationContext cache statistics: [DefaultContextCache@224b4d61 size = 2, maxSize = 32, parentContextCount = 0, hitCount = 39, missCount = 2]
08:29:50.891 [Test worker] DEBUG org.springframework.test.context.support.AbstractDirtiesContextTestExecutionListener - Before test method: context [DefaultTestContext@7cc586a8 testClass = PropertyTest, testInstance = c05.PropertyTest@6c4980d3, testMethod = testTitle@PropertyTest, testException = [null], mergedContextConfiguration = [MergedContextConfiguration@7db534f2 testClass = PropertyTest, locations = '{}', classes = '{class c05.PropertyConfiguration}', contextInitializerClasses = '[]', activeProfiles = '{}', propertySourceLocations = '{}', propertySourceProperties = '{}', contextCustomizers = set[[empty]], contextLoader = 'org.springframework.test.context.support.DelegatingSmartContextLoader', parent = [null]], attributes = map['org.springframework.test.context.event.ApplicationEventsTestExecutionListener.recordApplicationEvents' -> false]], class annotated with @DirtiesContext [false] with mode [null], method annotated with @DirtiesContext [false] with mode [null].
08:29:50.891 [Test worker] DEBUG org.springframework.test.context.cache.DefaultCacheAwareContextLoaderDelegate - Retrieved ApplicationContext [2052489518] from cache with key [[MergedContextConfiguration@7db534f2 testClass = PropertyTest, locations = '{}', classes = '{class c05.PropertyConfiguration}', contextInitializerClasses = '[]', activeProfiles = '{}', propertySourceLocations = '{}', propertySourceProperties = '{}', contextCustomizers = set[[empty]], contextLoader = 'org.springframework.test.context.support.DelegatingSmartContextLoader', parent = [null]]]
08:29:50.891 [Test worker] DEBUG org.springframework.test.context.cache - Spring test ApplicationContext cache statistics: [DefaultContextCache@224b4d61 size = 2, maxSize = 32, parentContextCount = 0, hitCount = 40, missCount = 2]
08:29:50.892 [Test worker] DEBUG org.springframework.test.context.cache.DefaultCacheAwareContextLoaderDelegate - Retrieved ApplicationContext [2052489518] from cache with key [[MergedContextConfiguration@7db534f2 testClass = PropertyTest, locations = '{}', classes = '{class c05.PropertyConfiguration}', contextInitializerClasses = '[]', activeProfiles = '{}', propertySourceLocations = '{}', propertySourceProperties = '{}', contextCustomizers = set[[empty]], contextLoader = 'org.springframework.test.context.support.DelegatingSmartContextLoader', parent = [null]]]
08:29:50.892 [Test worker] DEBUG org.springframework.test.context.cache - Spring test ApplicationContext cache statistics: [DefaultContextCache@224b4d61 size = 2, maxSize = 32, parentContextCount = 0, hitCount = 41, missCount = 2]
08:29:50.892 [Test worker] DEBUG org.springframework.test.context.cache.DefaultCacheAwareContextLoaderDelegate - Retrieved ApplicationContext [2052489518] from cache with key [[MergedContextConfiguration@7db534f2 testClass = PropertyTest, locations = '{}', classes = '{class c05.PropertyConfiguration}', contextInitializerClasses = '[]', activeProfiles = '{}', propertySourceLocations = '{}', propertySourceProperties = '{}', contextCustomizers = set[[empty]], contextLoader = 'org.springframework.test.context.support.DelegatingSmartContextLoader', parent = [null]]]
08:29:50.892 [Test worker] DEBUG org.springframework.test.context.cache - Spring test ApplicationContext cache statistics: [DefaultContextCache@224b4d61 size = 2, maxSize = 32, parentContextCount = 0, hitCount = 42, missCount = 2]
08:29:50.892 [Test worker] DEBUG org.springframework.test.context.cache.DefaultCacheAwareContextLoaderDelegate - Retrieved ApplicationContext [2052489518] from cache with key [[MergedContextConfiguration@7db534f2 testClass = PropertyTest, locations = '{}', classes = '{class c05.PropertyConfiguration}', contextInitializerClasses = '[]', activeProfiles = '{}', propertySourceLocations = '{}', propertySourceProperties = '{}', contextCustomizers = set[[empty]], contextLoader = 'org.springframework.test.context.support.DelegatingSmartContextLoader', parent = [null]]]
08:29:50.893 [Test worker] DEBUG org.springframework.test.context.cache - Spring test ApplicationContext cache statistics: [DefaultContextCache@224b4d61 size = 2, maxSize = 32, parentContextCount = 0, hitCount = 43, missCount = 2]
08:29:50.893 [Test worker] DEBUG org.springframework.test.context.support.AbstractDirtiesContextTestExecutionListener - After test method: context [DefaultTestContext@7cc586a8 testClass = PropertyTest, testInstance = c05.PropertyTest@6c4980d3, testMethod = testTitle@PropertyTest, testException = [null], mergedContextConfiguration = [MergedContextConfiguration@7db534f2 testClass = PropertyTest, locations = '{}', classes = '{class c05.PropertyConfiguration}', contextInitializerClasses = '[]', activeProfiles = '{}', propertySourceLocations = '{}', propertySourceProperties = '{}', contextCustomizers = set[[empty]], contextLoader = 'org.springframework.test.context.support.DelegatingSmartContextLoader', parent = [null]], attributes = map['org.springframework.test.context.event.ApplicationEventsTestExecutionListener.recordApplicationEvents' -> false]], class annotated with @DirtiesContext [false] with mode [null], method annotated with @DirtiesContext [false] with mode [null].
]]></system-out>
  <system-err><![CDATA[]]></system-err>
</testsuite>
