<?xml version="1.0" encoding="UTF-8"?>
<testsuite name="c05.I18NTest" tests="9" skipped="0" failures="0" errors="0" timestamp="2023-06-13T12:29:50" hostname="DESKTOP-V3QDITO" time="0.028">
  <properties/>
  <testcase name="testCopyright[0](en)" classname="c05.I18NTest" time="0.005"/>
  <testcase name="testCopyright[1](nl)" classname="c05.I18NTest" time="0.001"/>
  <testcase name="testCopyright[2](de)" classname="c05.I18NTest" time="0.001"/>
  <testcase name="testGreeting[0](en, Hello, Joseph, Joseph)" classname="c05.I18NTest" time="0.002"/>
  <testcase name="testGreeting[1](nl, Hallo, Mattijs, Mattijs)" classname="c05.I18NTest" time="0.0"/>
  <testcase name="testGreeting[2](de, Hallo, Karl, Karl)" classname="c05.I18NTest" time="0.001"/>
  <testcase name="testTitle[0](en, My Documents)" classname="c05.I18NTest" time="0.0"/>
  <testcase name="testTitle[1](nl, Mijn Documenten)" classname="c05.I18NTest" time="0.0"/>
  <testcase name="testTitle[2](de, Meine Dokumente)" classname="c05.I18NTest" time="0.0"/>
  <system-out><![CDATA[08:29:50.625 [Test worker] DEBUG org.springframework.test.context.support.AbstractDirtiesContextTestExecutionListener - Before test class: context [DefaultTestContext@6d025197 testClass = I18NTest, testInstance = [null], testMethod = [null], testException = [null], mergedContextConfiguration = [MergedContextConfiguration@27d4a09 testClass = I18NTest, locations = '{}', classes = '{class c05.I18NConfiguration}', contextInitializerClasses = '[]', activeProfiles = '{}', propertySourceLocations = '{}', propertySourceProperties = '{}', contextCustomizers = set[[empty]], contextLoader = 'org.springframework.test.context.support.DelegatingSmartContextLoader', parent = [null]], attributes = map[[empty]]], class annotated with @DirtiesContext [false] with mode [null].
08:29:50.628 [Test worker] DEBUG org.springframework.test.context.support.DependencyInjectionTestExecutionListener - Performing dependency injection for test context [[DefaultTestContext@6d025197 testClass = I18NTest, testInstance = c05.I18NTest@2e48362c, testMethod = [null], testException = [null], mergedContextConfiguration = [MergedContextConfiguration@27d4a09 testClass = I18NTest, locations = '{}', classes = '{class c05.I18NConfiguration}', contextInitializerClasses = '[]', activeProfiles = '{}', propertySourceLocations = '{}', propertySourceProperties = '{}', contextCustomizers = set[[empty]], contextLoader = 'org.springframework.test.context.support.DelegatingSmartContextLoader', parent = [null]], attributes = map['org.springframework.test.context.event.ApplicationEventsTestExecutionListener.recordApplicationEvents' -> false]]].
08:29:50.629 [Test worker] DEBUG org.springframework.test.context.support.AbstractDelegatingSmartContextLoader - Delegating to AnnotationConfigContextLoader to load context from [MergedContextConfiguration@27d4a09 testClass = I18NTest, locations = '{}', classes = '{class c05.I18NConfiguration}', contextInitializerClasses = '[]', activeProfiles = '{}', propertySourceLocations = '{}', propertySourceProperties = '{}', contextCustomizers = set[[empty]], contextLoader = 'org.springframework.test.context.support.DelegatingSmartContextLoader', parent = [null]].
08:29:50.629 [Test worker] DEBUG org.springframework.test.context.support.AbstractGenericContextLoader - Loading ApplicationContext for merged context configuration [[MergedContextConfiguration@27d4a09 testClass = I18NTest, locations = '{}', classes = '{class c05.I18NConfiguration}', contextInitializerClasses = '[]', activeProfiles = '{}', propertySourceLocations = '{}', propertySourceProperties = '{}', contextCustomizers = set[[empty]], contextLoader = 'org.springframework.test.context.support.DelegatingSmartContextLoader', parent = [null]]].
08:29:50.662 [Test worker] DEBUG org.springframework.core.env.StandardEnvironment - Activating profiles []
08:29:50.663 [Test worker] DEBUG org.springframework.test.context.support.AnnotationConfigContextLoader - Registering component classes: {class c05.I18NConfiguration}
08:29:50.685 [Test worker] DEBUG org.springframework.context.support.GenericApplicationContext - Refreshing org.springframework.context.support.GenericApplicationContext@40238dd0
08:29:50.696 [Test worker] DEBUG org.springframework.beans.factory.support.DefaultListableBeanFactory - Creating shared instance of singleton bean 'org.springframework.context.annotation.internalConfigurationAnnotationProcessor'
08:29:50.784 [Test worker] DEBUG org.springframework.beans.factory.support.DefaultListableBeanFactory - Creating shared instance of singleton bean 'org.springframework.context.event.internalEventListenerProcessor'
08:29:50.786 [Test worker] DEBUG org.springframework.beans.factory.support.DefaultListableBeanFactory - Creating shared instance of singleton bean 'org.springframework.context.event.internalEventListenerFactory'
08:29:50.787 [Test worker] DEBUG org.springframework.beans.factory.support.DefaultListableBeanFactory - Creating shared instance of singleton bean 'org.springframework.context.annotation.internalAutowiredAnnotationProcessor'
08:29:50.792 [Test worker] DEBUG org.springframework.beans.factory.support.DefaultListableBeanFactory - Creating shared instance of singleton bean 'i18NConfiguration'
08:29:50.794 [Test worker] DEBUG org.springframework.beans.factory.support.DefaultListableBeanFactory - Creating shared instance of singleton bean 'messages'
08:29:50.814 [Test worker] DEBUG org.springframework.test.context.cache.DefaultCacheAwareContextLoaderDelegate - Storing ApplicationContext [1076071888] in cache under key [[MergedContextConfiguration@27d4a09 testClass = I18NTest, locations = '{}', classes = '{class c05.I18NConfiguration}', contextInitializerClasses = '[]', activeProfiles = '{}', propertySourceLocations = '{}', propertySourceProperties = '{}', contextCustomizers = set[[empty]], contextLoader = 'org.springframework.test.context.support.DelegatingSmartContextLoader', parent = [null]]]
08:29:50.814 [Test worker] DEBUG org.springframework.test.context.cache - Spring test ApplicationContext cache statistics: [DefaultContextCache@224b4d61 size = 1, maxSize = 32, parentContextCount = 0, hitCount = 0, missCount = 1]
08:29:50.821 [Test worker] DEBUG org.springframework.test.context.cache.DefaultCacheAwareContextLoaderDelegate - Retrieved ApplicationContext [1076071888] from cache with key [[MergedContextConfiguration@27d4a09 testClass = I18NTest, locations = '{}', classes = '{class c05.I18NConfiguration}', contextInitializerClasses = '[]', activeProfiles = '{}', propertySourceLocations = '{}', propertySourceProperties = '{}', contextCustomizers = set[[empty]], contextLoader = 'org.springframework.test.context.support.DelegatingSmartContextLoader', parent = [null]]]
08:29:50.821 [Test worker] DEBUG org.springframework.test.context.cache - Spring test ApplicationContext cache statistics: [DefaultContextCache@224b4d61 size = 1, maxSize = 32, parentContextCount = 0, hitCount = 1, missCount = 1]
08:29:50.831 [Test worker] DEBUG org.springframework.test.context.support.AbstractDirtiesContextTestExecutionListener - Before test method: context [DefaultTestContext@6d025197 testClass = I18NTest, testInstance = c05.I18NTest@2e48362c, testMethod = testCopyright@I18NTest, testException = [null], mergedContextConfiguration = [MergedContextConfiguration@27d4a09 testClass = I18NTest, locations = '{}', classes = '{class c05.I18NConfiguration}', contextInitializerClasses = '[]', activeProfiles = '{}', propertySourceLocations = '{}', propertySourceProperties = '{}', contextCustomizers = set[[empty]], contextLoader = 'org.springframework.test.context.support.DelegatingSmartContextLoader', parent = [null]], attributes = map['org.springframework.test.context.event.ApplicationEventsTestExecutionListener.recordApplicationEvents' -> false]], class annotated with @DirtiesContext [false] with mode [null], method annotated with @DirtiesContext [false] with mode [null].
08:29:50.832 [Test worker] DEBUG org.springframework.test.context.cache.DefaultCacheAwareContextLoaderDelegate - Retrieved ApplicationContext [1076071888] from cache with key [[MergedContextConfiguration@27d4a09 testClass = I18NTest, locations = '{}', classes = '{class c05.I18NConfiguration}', contextInitializerClasses = '[]', activeProfiles = '{}', propertySourceLocations = '{}', propertySourceProperties = '{}', contextCustomizers = set[[empty]], contextLoader = 'org.springframework.test.context.support.DelegatingSmartContextLoader', parent = [null]]]
08:29:50.832 [Test worker] DEBUG org.springframework.test.context.cache - Spring test ApplicationContext cache statistics: [DefaultContextCache@224b4d61 size = 1, maxSize = 32, parentContextCount = 0, hitCount = 2, missCount = 1]
08:29:50.834 [Test worker] DEBUG org.springframework.test.context.cache.DefaultCacheAwareContextLoaderDelegate - Retrieved ApplicationContext [1076071888] from cache with key [[MergedContextConfiguration@27d4a09 testClass = I18NTest, locations = '{}', classes = '{class c05.I18NConfiguration}', contextInitializerClasses = '[]', activeProfiles = '{}', propertySourceLocations = '{}', propertySourceProperties = '{}', contextCustomizers = set[[empty]], contextLoader = 'org.springframework.test.context.support.DelegatingSmartContextLoader', parent = [null]]]
08:29:50.834 [Test worker] DEBUG org.springframework.test.context.cache - Spring test ApplicationContext cache statistics: [DefaultContextCache@224b4d61 size = 1, maxSize = 32, parentContextCount = 0, hitCount = 3, missCount = 1]
08:29:50.838 [Test worker] DEBUG org.springframework.test.context.cache.DefaultCacheAwareContextLoaderDelegate - Retrieved ApplicationContext [1076071888] from cache with key [[MergedContextConfiguration@27d4a09 testClass = I18NTest, locations = '{}', classes = '{class c05.I18NConfiguration}', contextInitializerClasses = '[]', activeProfiles = '{}', propertySourceLocations = '{}', propertySourceProperties = '{}', contextCustomizers = set[[empty]], contextLoader = 'org.springframework.test.context.support.DelegatingSmartContextLoader', parent = [null]]]
08:29:50.838 [Test worker] DEBUG org.springframework.test.context.cache - Spring test ApplicationContext cache statistics: [DefaultContextCache@224b4d61 size = 1, maxSize = 32, parentContextCount = 0, hitCount = 4, missCount = 1]
08:29:50.840 [Test worker] DEBUG org.springframework.test.context.cache.DefaultCacheAwareContextLoaderDelegate - Retrieved ApplicationContext [1076071888] from cache with key [[MergedContextConfiguration@27d4a09 testClass = I18NTest, locations = '{}', classes = '{class c05.I18NConfiguration}', contextInitializerClasses = '[]', activeProfiles = '{}', propertySourceLocations = '{}', propertySourceProperties = '{}', contextCustomizers = set[[empty]], contextLoader = 'org.springframework.test.context.support.DelegatingSmartContextLoader', parent = [null]]]
08:29:50.840 [Test worker] DEBUG org.springframework.test.context.cache - Spring test ApplicationContext cache statistics: [DefaultContextCache@224b4d61 size = 1, maxSize = 32, parentContextCount = 0, hitCount = 5, missCount = 1]
08:29:50.840 [Test worker] DEBUG org.springframework.test.context.support.AbstractDirtiesContextTestExecutionListener - After test method: context [DefaultTestContext@6d025197 testClass = I18NTest, testInstance = c05.I18NTest@2e48362c, testMethod = testCopyright@I18NTest, testException = [null], mergedContextConfiguration = [MergedContextConfiguration@27d4a09 testClass = I18NTest, locations = '{}', classes = '{class c05.I18NConfiguration}', contextInitializerClasses = '[]', activeProfiles = '{}', propertySourceLocations = '{}', propertySourceProperties = '{}', contextCustomizers = set[[empty]], contextLoader = 'org.springframework.test.context.support.DelegatingSmartContextLoader', parent = [null]], attributes = map['org.springframework.test.context.event.ApplicationEventsTestExecutionListener.recordApplicationEvents' -> false]], class annotated with @DirtiesContext [false] with mode [null], method annotated with @DirtiesContext [false] with mode [null].
08:29:50.841 [Test worker] DEBUG org.springframework.test.context.support.AbstractDirtiesContextTestExecutionListener - Before test method: context [DefaultTestContext@6d025197 testClass = I18NTest, testInstance = c05.I18NTest@2e48362c, testMethod = testCopyright@I18NTest, testException = [null], mergedContextConfiguration = [MergedContextConfiguration@27d4a09 testClass = I18NTest, locations = '{}', classes = '{class c05.I18NConfiguration}', contextInitializerClasses = '[]', activeProfiles = '{}', propertySourceLocations = '{}', propertySourceProperties = '{}', contextCustomizers = set[[empty]], contextLoader = 'org.springframework.test.context.support.DelegatingSmartContextLoader', parent = [null]], attributes = map['org.springframework.test.context.event.ApplicationEventsTestExecutionListener.recordApplicationEvents' -> false]], class annotated with @DirtiesContext [false] with mode [null], method annotated with @DirtiesContext [false] with mode [null].
08:29:50.841 [Test worker] DEBUG org.springframework.test.context.cache.DefaultCacheAwareContextLoaderDelegate - Retrieved ApplicationContext [1076071888] from cache with key [[MergedContextConfiguration@27d4a09 testClass = I18NTest, locations = '{}', classes = '{class c05.I18NConfiguration}', contextInitializerClasses = '[]', activeProfiles = '{}', propertySourceLocations = '{}', propertySourceProperties = '{}', contextCustomizers = set[[empty]], contextLoader = 'org.springframework.test.context.support.DelegatingSmartContextLoader', parent = [null]]]
08:29:50.841 [Test worker] DEBUG org.springframework.test.context.cache - Spring test ApplicationContext cache statistics: [DefaultContextCache@224b4d61 size = 1, maxSize = 32, parentContextCount = 0, hitCount = 6, missCount = 1]
08:29:50.841 [Test worker] DEBUG org.springframework.test.context.cache.DefaultCacheAwareContextLoaderDelegate - Retrieved ApplicationContext [1076071888] from cache with key [[MergedContextConfiguration@27d4a09 testClass = I18NTest, locations = '{}', classes = '{class c05.I18NConfiguration}', contextInitializerClasses = '[]', activeProfiles = '{}', propertySourceLocations = '{}', propertySourceProperties = '{}', contextCustomizers = set[[empty]], contextLoader = 'org.springframework.test.context.support.DelegatingSmartContextLoader', parent = [null]]]
08:29:50.841 [Test worker] DEBUG org.springframework.test.context.cache - Spring test ApplicationContext cache statistics: [DefaultContextCache@224b4d61 size = 1, maxSize = 32, parentContextCount = 0, hitCount = 7, missCount = 1]
08:29:50.842 [Test worker] DEBUG org.springframework.test.context.cache.DefaultCacheAwareContextLoaderDelegate - Retrieved ApplicationContext [1076071888] from cache with key [[MergedContextConfiguration@27d4a09 testClass = I18NTest, locations = '{}', classes = '{class c05.I18NConfiguration}', contextInitializerClasses = '[]', activeProfiles = '{}', propertySourceLocations = '{}', propertySourceProperties = '{}', contextCustomizers = set[[empty]], contextLoader = 'org.springframework.test.context.support.DelegatingSmartContextLoader', parent = [null]]]
08:29:50.842 [Test worker] DEBUG org.springframework.test.context.cache - Spring test ApplicationContext cache statistics: [DefaultContextCache@224b4d61 size = 1, maxSize = 32, parentContextCount = 0, hitCount = 8, missCount = 1]
08:29:50.842 [Test worker] DEBUG org.springframework.test.context.cache.DefaultCacheAwareContextLoaderDelegate - Retrieved ApplicationContext [1076071888] from cache with key [[MergedContextConfiguration@27d4a09 testClass = I18NTest, locations = '{}', classes = '{class c05.I18NConfiguration}', contextInitializerClasses = '[]', activeProfiles = '{}', propertySourceLocations = '{}', propertySourceProperties = '{}', contextCustomizers = set[[empty]], contextLoader = 'org.springframework.test.context.support.DelegatingSmartContextLoader', parent = [null]]]
08:29:50.842 [Test worker] DEBUG org.springframework.test.context.cache - Spring test ApplicationContext cache statistics: [DefaultContextCache@224b4d61 size = 1, maxSize = 32, parentContextCount = 0, hitCount = 9, missCount = 1]
08:29:50.842 [Test worker] DEBUG org.springframework.test.context.support.AbstractDirtiesContextTestExecutionListener - After test method: context [DefaultTestContext@6d025197 testClass = I18NTest, testInstance = c05.I18NTest@2e48362c, testMethod = testCopyright@I18NTest, testException = [null], mergedContextConfiguration = [MergedContextConfiguration@27d4a09 testClass = I18NTest, locations = '{}', classes = '{class c05.I18NConfiguration}', contextInitializerClasses = '[]', activeProfiles = '{}', propertySourceLocations = '{}', propertySourceProperties = '{}', contextCustomizers = set[[empty]], contextLoader = 'org.springframework.test.context.support.DelegatingSmartContextLoader', parent = [null]], attributes = map['org.springframework.test.context.event.ApplicationEventsTestExecutionListener.recordApplicationEvents' -> false]], class annotated with @DirtiesContext [false] with mode [null], method annotated with @DirtiesContext [false] with mode [null].
08:29:50.844 [Test worker] DEBUG org.springframework.test.context.support.AbstractDirtiesContextTestExecutionListener - Before test method: context [DefaultTestContext@6d025197 testClass = I18NTest, testInstance = c05.I18NTest@2e48362c, testMethod = testCopyright@I18NTest, testException = [null], mergedContextConfiguration = [MergedContextConfiguration@27d4a09 testClass = I18NTest, locations = '{}', classes = '{class c05.I18NConfiguration}', contextInitializerClasses = '[]', activeProfiles = '{}', propertySourceLocations = '{}', propertySourceProperties = '{}', contextCustomizers = set[[empty]], contextLoader = 'org.springframework.test.context.support.DelegatingSmartContextLoader', parent = [null]], attributes = map['org.springframework.test.context.event.ApplicationEventsTestExecutionListener.recordApplicationEvents' -> false]], class annotated with @DirtiesContext [false] with mode [null], method annotated with @DirtiesContext [false] with mode [null].
08:29:50.844 [Test worker] DEBUG org.springframework.test.context.cache.DefaultCacheAwareContextLoaderDelegate - Retrieved ApplicationContext [1076071888] from cache with key [[MergedContextConfiguration@27d4a09 testClass = I18NTest, locations = '{}', classes = '{class c05.I18NConfiguration}', contextInitializerClasses = '[]', activeProfiles = '{}', propertySourceLocations = '{}', propertySourceProperties = '{}', contextCustomizers = set[[empty]], contextLoader = 'org.springframework.test.context.support.DelegatingSmartContextLoader', parent = [null]]]
08:29:50.844 [Test worker] DEBUG org.springframework.test.context.cache - Spring test ApplicationContext cache statistics: [DefaultContextCache@224b4d61 size = 1, maxSize = 32, parentContextCount = 0, hitCount = 10, missCount = 1]
08:29:50.844 [Test worker] DEBUG org.springframework.test.context.cache.DefaultCacheAwareContextLoaderDelegate - Retrieved ApplicationContext [1076071888] from cache with key [[MergedContextConfiguration@27d4a09 testClass = I18NTest, locations = '{}', classes = '{class c05.I18NConfiguration}', contextInitializerClasses = '[]', activeProfiles = '{}', propertySourceLocations = '{}', propertySourceProperties = '{}', contextCustomizers = set[[empty]], contextLoader = 'org.springframework.test.context.support.DelegatingSmartContextLoader', parent = [null]]]
08:29:50.844 [Test worker] DEBUG org.springframework.test.context.cache - Spring test ApplicationContext cache statistics: [DefaultContextCache@224b4d61 size = 1, maxSize = 32, parentContextCount = 0, hitCount = 11, missCount = 1]
08:29:50.845 [Test worker] DEBUG org.springframework.test.context.cache.DefaultCacheAwareContextLoaderDelegate - Retrieved ApplicationContext [1076071888] from cache with key [[MergedContextConfiguration@27d4a09 testClass = I18NTest, locations = '{}', classes = '{class c05.I18NConfiguration}', contextInitializerClasses = '[]', activeProfiles = '{}', propertySourceLocations = '{}', propertySourceProperties = '{}', contextCustomizers = set[[empty]], contextLoader = 'org.springframework.test.context.support.DelegatingSmartContextLoader', parent = [null]]]
08:29:50.845 [Test worker] DEBUG org.springframework.test.context.cache - Spring test ApplicationContext cache statistics: [DefaultContextCache@224b4d61 size = 1, maxSize = 32, parentContextCount = 0, hitCount = 12, missCount = 1]
08:29:50.846 [Test worker] DEBUG org.springframework.test.context.cache.DefaultCacheAwareContextLoaderDelegate - Retrieved ApplicationContext [1076071888] from cache with key [[MergedContextConfiguration@27d4a09 testClass = I18NTest, locations = '{}', classes = '{class c05.I18NConfiguration}', contextInitializerClasses = '[]', activeProfiles = '{}', propertySourceLocations = '{}', propertySourceProperties = '{}', contextCustomizers = set[[empty]], contextLoader = 'org.springframework.test.context.support.DelegatingSmartContextLoader', parent = [null]]]
08:29:50.846 [Test worker] DEBUG org.springframework.test.context.cache - Spring test ApplicationContext cache statistics: [DefaultContextCache@224b4d61 size = 1, maxSize = 32, parentContextCount = 0, hitCount = 13, missCount = 1]
08:29:50.846 [Test worker] DEBUG org.springframework.test.context.support.AbstractDirtiesContextTestExecutionListener - After test method: context [DefaultTestContext@6d025197 testClass = I18NTest, testInstance = c05.I18NTest@2e48362c, testMethod = testCopyright@I18NTest, testException = [null], mergedContextConfiguration = [MergedContextConfiguration@27d4a09 testClass = I18NTest, locations = '{}', classes = '{class c05.I18NConfiguration}', contextInitializerClasses = '[]', activeProfiles = '{}', propertySourceLocations = '{}', propertySourceProperties = '{}', contextCustomizers = set[[empty]], contextLoader = 'org.springframework.test.context.support.DelegatingSmartContextLoader', parent = [null]], attributes = map['org.springframework.test.context.event.ApplicationEventsTestExecutionListener.recordApplicationEvents' -> false]], class annotated with @DirtiesContext [false] with mode [null], method annotated with @DirtiesContext [false] with mode [null].
08:29:50.847 [Test worker] DEBUG org.springframework.test.context.support.AbstractDirtiesContextTestExecutionListener - Before test method: context [DefaultTestContext@6d025197 testClass = I18NTest, testInstance = c05.I18NTest@2e48362c, testMethod = testGreeting@I18NTest, testException = [null], mergedContextConfiguration = [MergedContextConfiguration@27d4a09 testClass = I18NTest, locations = '{}', classes = '{class c05.I18NConfiguration}', contextInitializerClasses = '[]', activeProfiles = '{}', propertySourceLocations = '{}', propertySourceProperties = '{}', contextCustomizers = set[[empty]], contextLoader = 'org.springframework.test.context.support.DelegatingSmartContextLoader', parent = [null]], attributes = map['org.springframework.test.context.event.ApplicationEventsTestExecutionListener.recordApplicationEvents' -> false]], class annotated with @DirtiesContext [false] with mode [null], method annotated with @DirtiesContext [false] with mode [null].
08:29:50.847 [Test worker] DEBUG org.springframework.test.context.cache.DefaultCacheAwareContextLoaderDelegate - Retrieved ApplicationContext [1076071888] from cache with key [[MergedContextConfiguration@27d4a09 testClass = I18NTest, locations = '{}', classes = '{class c05.I18NConfiguration}', contextInitializerClasses = '[]', activeProfiles = '{}', propertySourceLocations = '{}', propertySourceProperties = '{}', contextCustomizers = set[[empty]], contextLoader = 'org.springframework.test.context.support.DelegatingSmartContextLoader', parent = [null]]]
08:29:50.847 [Test worker] DEBUG org.springframework.test.context.cache - Spring test ApplicationContext cache statistics: [DefaultContextCache@224b4d61 size = 1, maxSize = 32, parentContextCount = 0, hitCount = 14, missCount = 1]
08:29:50.848 [Test worker] DEBUG org.springframework.test.context.cache.DefaultCacheAwareContextLoaderDelegate - Retrieved ApplicationContext [1076071888] from cache with key [[MergedContextConfiguration@27d4a09 testClass = I18NTest, locations = '{}', classes = '{class c05.I18NConfiguration}', contextInitializerClasses = '[]', activeProfiles = '{}', propertySourceLocations = '{}', propertySourceProperties = '{}', contextCustomizers = set[[empty]], contextLoader = 'org.springframework.test.context.support.DelegatingSmartContextLoader', parent = [null]]]
08:29:50.848 [Test worker] DEBUG org.springframework.test.context.cache - Spring test ApplicationContext cache statistics: [DefaultContextCache@224b4d61 size = 1, maxSize = 32, parentContextCount = 0, hitCount = 15, missCount = 1]
08:29:50.848 [Test worker] DEBUG org.springframework.test.context.cache.DefaultCacheAwareContextLoaderDelegate - Retrieved ApplicationContext [1076071888] from cache with key [[MergedContextConfiguration@27d4a09 testClass = I18NTest, locations = '{}', classes = '{class c05.I18NConfiguration}', contextInitializerClasses = '[]', activeProfiles = '{}', propertySourceLocations = '{}', propertySourceProperties = '{}', contextCustomizers = set[[empty]], contextLoader = 'org.springframework.test.context.support.DelegatingSmartContextLoader', parent = [null]]]
08:29:50.848 [Test worker] DEBUG org.springframework.test.context.cache - Spring test ApplicationContext cache statistics: [DefaultContextCache@224b4d61 size = 1, maxSize = 32, parentContextCount = 0, hitCount = 16, missCount = 1]
08:29:50.849 [Test worker] DEBUG org.springframework.test.context.cache.DefaultCacheAwareContextLoaderDelegate - Retrieved ApplicationContext [1076071888] from cache with key [[MergedContextConfiguration@27d4a09 testClass = I18NTest, locations = '{}', classes = '{class c05.I18NConfiguration}', contextInitializerClasses = '[]', activeProfiles = '{}', propertySourceLocations = '{}', propertySourceProperties = '{}', contextCustomizers = set[[empty]], contextLoader = 'org.springframework.test.context.support.DelegatingSmartContextLoader', parent = [null]]]
08:29:50.849 [Test worker] DEBUG org.springframework.test.context.cache - Spring test ApplicationContext cache statistics: [DefaultContextCache@224b4d61 size = 1, maxSize = 32, parentContextCount = 0, hitCount = 17, missCount = 1]
08:29:50.849 [Test worker] DEBUG org.springframework.test.context.support.AbstractDirtiesContextTestExecutionListener - After test method: context [DefaultTestContext@6d025197 testClass = I18NTest, testInstance = c05.I18NTest@2e48362c, testMethod = testGreeting@I18NTest, testException = [null], mergedContextConfiguration = [MergedContextConfiguration@27d4a09 testClass = I18NTest, locations = '{}', classes = '{class c05.I18NConfiguration}', contextInitializerClasses = '[]', activeProfiles = '{}', propertySourceLocations = '{}', propertySourceProperties = '{}', contextCustomizers = set[[empty]], contextLoader = 'org.springframework.test.context.support.DelegatingSmartContextLoader', parent = [null]], attributes = map['org.springframework.test.context.event.ApplicationEventsTestExecutionListener.recordApplicationEvents' -> false]], class annotated with @DirtiesContext [false] with mode [null], method annotated with @DirtiesContext [false] with mode [null].
08:29:50.850 [Test worker] DEBUG org.springframework.test.context.support.AbstractDirtiesContextTestExecutionListener - Before test method: context [DefaultTestContext@6d025197 testClass = I18NTest, testInstance = c05.I18NTest@2e48362c, testMethod = testGreeting@I18NTest, testException = [null], mergedContextConfiguration = [MergedContextConfiguration@27d4a09 testClass = I18NTest, locations = '{}', classes = '{class c05.I18NConfiguration}', contextInitializerClasses = '[]', activeProfiles = '{}', propertySourceLocations = '{}', propertySourceProperties = '{}', contextCustomizers = set[[empty]], contextLoader = 'org.springframework.test.context.support.DelegatingSmartContextLoader', parent = [null]], attributes = map['org.springframework.test.context.event.ApplicationEventsTestExecutionListener.recordApplicationEvents' -> false]], class annotated with @DirtiesContext [false] with mode [null], method annotated with @DirtiesContext [false] with mode [null].
08:29:50.850 [Test worker] DEBUG org.springframework.test.context.cache.DefaultCacheAwareContextLoaderDelegate - Retrieved ApplicationContext [1076071888] from cache with key [[MergedContextConfiguration@27d4a09 testClass = I18NTest, locations = '{}', classes = '{class c05.I18NConfiguration}', contextInitializerClasses = '[]', activeProfiles = '{}', propertySourceLocations = '{}', propertySourceProperties = '{}', contextCustomizers = set[[empty]], contextLoader = 'org.springframework.test.context.support.DelegatingSmartContextLoader', parent = [null]]]
08:29:50.851 [Test worker] DEBUG org.springframework.test.context.cache - Spring test ApplicationContext cache statistics: [DefaultContextCache@224b4d61 size = 1, maxSize = 32, parentContextCount = 0, hitCount = 18, missCount = 1]
08:29:50.851 [Test worker] DEBUG org.springframework.test.context.cache.DefaultCacheAwareContextLoaderDelegate - Retrieved ApplicationContext [1076071888] from cache with key [[MergedContextConfiguration@27d4a09 testClass = I18NTest, locations = '{}', classes = '{class c05.I18NConfiguration}', contextInitializerClasses = '[]', activeProfiles = '{}', propertySourceLocations = '{}', propertySourceProperties = '{}', contextCustomizers = set[[empty]], contextLoader = 'org.springframework.test.context.support.DelegatingSmartContextLoader', parent = [null]]]
08:29:50.851 [Test worker] DEBUG org.springframework.test.context.cache - Spring test ApplicationContext cache statistics: [DefaultContextCache@224b4d61 size = 1, maxSize = 32, parentContextCount = 0, hitCount = 19, missCount = 1]
08:29:50.851 [Test worker] DEBUG org.springframework.test.context.cache.DefaultCacheAwareContextLoaderDelegate - Retrieved ApplicationContext [1076071888] from cache with key [[MergedContextConfiguration@27d4a09 testClass = I18NTest, locations = '{}', classes = '{class c05.I18NConfiguration}', contextInitializerClasses = '[]', activeProfiles = '{}', propertySourceLocations = '{}', propertySourceProperties = '{}', contextCustomizers = set[[empty]], contextLoader = 'org.springframework.test.context.support.DelegatingSmartContextLoader', parent = [null]]]
08:29:50.851 [Test worker] DEBUG org.springframework.test.context.cache - Spring test ApplicationContext cache statistics: [DefaultContextCache@224b4d61 size = 1, maxSize = 32, parentContextCount = 0, hitCount = 20, missCount = 1]
08:29:50.852 [Test worker] DEBUG org.springframework.test.context.cache.DefaultCacheAwareContextLoaderDelegate - Retrieved ApplicationContext [1076071888] from cache with key [[MergedContextConfiguration@27d4a09 testClass = I18NTest, locations = '{}', classes = '{class c05.I18NConfiguration}', contextInitializerClasses = '[]', activeProfiles = '{}', propertySourceLocations = '{}', propertySourceProperties = '{}', contextCustomizers = set[[empty]], contextLoader = 'org.springframework.test.context.support.DelegatingSmartContextLoader', parent = [null]]]
08:29:50.852 [Test worker] DEBUG org.springframework.test.context.cache - Spring test ApplicationContext cache statistics: [DefaultContextCache@224b4d61 size = 1, maxSize = 32, parentContextCount = 0, hitCount = 21, missCount = 1]
08:29:50.852 [Test worker] DEBUG org.springframework.test.context.support.AbstractDirtiesContextTestExecutionListener - After test method: context [DefaultTestContext@6d025197 testClass = I18NTest, testInstance = c05.I18NTest@2e48362c, testMethod = testGreeting@I18NTest, testException = [null], mergedContextConfiguration = [MergedContextConfiguration@27d4a09 testClass = I18NTest, locations = '{}', classes = '{class c05.I18NConfiguration}', contextInitializerClasses = '[]', activeProfiles = '{}', propertySourceLocations = '{}', propertySourceProperties = '{}', contextCustomizers = set[[empty]], contextLoader = 'org.springframework.test.context.support.DelegatingSmartContextLoader', parent = [null]], attributes = map['org.springframework.test.context.event.ApplicationEventsTestExecutionListener.recordApplicationEvents' -> false]], class annotated with @DirtiesContext [false] with mode [null], method annotated with @DirtiesContext [false] with mode [null].
08:29:50.853 [Test worker] DEBUG org.springframework.test.context.support.AbstractDirtiesContextTestExecutionListener - Before test method: context [DefaultTestContext@6d025197 testClass = I18NTest, testInstance = c05.I18NTest@2e48362c, testMethod = testGreeting@I18NTest, testException = [null], mergedContextConfiguration = [MergedContextConfiguration@27d4a09 testClass = I18NTest, locations = '{}', classes = '{class c05.I18NConfiguration}', contextInitializerClasses = '[]', activeProfiles = '{}', propertySourceLocations = '{}', propertySourceProperties = '{}', contextCustomizers = set[[empty]], contextLoader = 'org.springframework.test.context.support.DelegatingSmartContextLoader', parent = [null]], attributes = map['org.springframework.test.context.event.ApplicationEventsTestExecutionListener.recordApplicationEvents' -> false]], class annotated with @DirtiesContext [false] with mode [null], method annotated with @DirtiesContext [false] with mode [null].
08:29:50.853 [Test worker] DEBUG org.springframework.test.context.cache.DefaultCacheAwareContextLoaderDelegate - Retrieved ApplicationContext [1076071888] from cache with key [[MergedContextConfiguration@27d4a09 testClass = I18NTest, locations = '{}', classes = '{class c05.I18NConfiguration}', contextInitializerClasses = '[]', activeProfiles = '{}', propertySourceLocations = '{}', propertySourceProperties = '{}', contextCustomizers = set[[empty]], contextLoader = 'org.springframework.test.context.support.DelegatingSmartContextLoader', parent = [null]]]
08:29:50.853 [Test worker] DEBUG org.springframework.test.context.cache - Spring test ApplicationContext cache statistics: [DefaultContextCache@224b4d61 size = 1, maxSize = 32, parentContextCount = 0, hitCount = 22, missCount = 1]
08:29:50.853 [Test worker] DEBUG org.springframework.test.context.cache.DefaultCacheAwareContextLoaderDelegate - Retrieved ApplicationContext [1076071888] from cache with key [[MergedContextConfiguration@27d4a09 testClass = I18NTest, locations = '{}', classes = '{class c05.I18NConfiguration}', contextInitializerClasses = '[]', activeProfiles = '{}', propertySourceLocations = '{}', propertySourceProperties = '{}', contextCustomizers = set[[empty]], contextLoader = 'org.springframework.test.context.support.DelegatingSmartContextLoader', parent = [null]]]
08:29:50.853 [Test worker] DEBUG org.springframework.test.context.cache - Spring test ApplicationContext cache statistics: [DefaultContextCache@224b4d61 size = 1, maxSize = 32, parentContextCount = 0, hitCount = 23, missCount = 1]
08:29:50.853 [Test worker] DEBUG org.springframework.test.context.cache.DefaultCacheAwareContextLoaderDelegate - Retrieved ApplicationContext [1076071888] from cache with key [[MergedContextConfiguration@27d4a09 testClass = I18NTest, locations = '{}', classes = '{class c05.I18NConfiguration}', contextInitializerClasses = '[]', activeProfiles = '{}', propertySourceLocations = '{}', propertySourceProperties = '{}', contextCustomizers = set[[empty]], contextLoader = 'org.springframework.test.context.support.DelegatingSmartContextLoader', parent = [null]]]
08:29:50.853 [Test worker] DEBUG org.springframework.test.context.cache - Spring test ApplicationContext cache statistics: [DefaultContextCache@224b4d61 size = 1, maxSize = 32, parentContextCount = 0, hitCount = 24, missCount = 1]
08:29:50.854 [Test worker] DEBUG org.springframework.test.context.cache.DefaultCacheAwareContextLoaderDelegate - Retrieved ApplicationContext [1076071888] from cache with key [[MergedContextConfiguration@27d4a09 testClass = I18NTest, locations = '{}', classes = '{class c05.I18NConfiguration}', contextInitializerClasses = '[]', activeProfiles = '{}', propertySourceLocations = '{}', propertySourceProperties = '{}', contextCustomizers = set[[empty]], contextLoader = 'org.springframework.test.context.support.DelegatingSmartContextLoader', parent = [null]]]
08:29:50.854 [Test worker] DEBUG org.springframework.test.context.cache - Spring test ApplicationContext cache statistics: [DefaultContextCache@224b4d61 size = 1, maxSize = 32, parentContextCount = 0, hitCount = 25, missCount = 1]
08:29:50.855 [Test worker] DEBUG org.springframework.test.context.support.AbstractDirtiesContextTestExecutionListener - After test method: context [DefaultTestContext@6d025197 testClass = I18NTest, testInstance = c05.I18NTest@2e48362c, testMethod = testGreeting@I18NTest, testException = [null], mergedContextConfiguration = [MergedContextConfiguration@27d4a09 testClass = I18NTest, locations = '{}', classes = '{class c05.I18NConfiguration}', contextInitializerClasses = '[]', activeProfiles = '{}', propertySourceLocations = '{}', propertySourceProperties = '{}', contextCustomizers = set[[empty]], contextLoader = 'org.springframework.test.context.support.DelegatingSmartContextLoader', parent = [null]], attributes = map['org.springframework.test.context.event.ApplicationEventsTestExecutionListener.recordApplicationEvents' -> false]], class annotated with @DirtiesContext [false] with mode [null], method annotated with @DirtiesContext [false] with mode [null].
08:29:50.856 [Test worker] DEBUG org.springframework.test.context.support.AbstractDirtiesContextTestExecutionListener - Before test method: context [DefaultTestContext@6d025197 testClass = I18NTest, testInstance = c05.I18NTest@2e48362c, testMethod = testTitle@I18NTest, testException = [null], mergedContextConfiguration = [MergedContextConfiguration@27d4a09 testClass = I18NTest, locations = '{}', classes = '{class c05.I18NConfiguration}', contextInitializerClasses = '[]', activeProfiles = '{}', propertySourceLocations = '{}', propertySourceProperties = '{}', contextCustomizers = set[[empty]], contextLoader = 'org.springframework.test.context.support.DelegatingSmartContextLoader', parent = [null]], attributes = map['org.springframework.test.context.event.ApplicationEventsTestExecutionListener.recordApplicationEvents' -> false]], class annotated with @DirtiesContext [false] with mode [null], method annotated with @DirtiesContext [false] with mode [null].
08:29:50.856 [Test worker] DEBUG org.springframework.test.context.cache.DefaultCacheAwareContextLoaderDelegate - Retrieved ApplicationContext [1076071888] from cache with key [[MergedContextConfiguration@27d4a09 testClass = I18NTest, locations = '{}', classes = '{class c05.I18NConfiguration}', contextInitializerClasses = '[]', activeProfiles = '{}', propertySourceLocations = '{}', propertySourceProperties = '{}', contextCustomizers = set[[empty]], contextLoader = 'org.springframework.test.context.support.DelegatingSmartContextLoader', parent = [null]]]
08:29:50.856 [Test worker] DEBUG org.springframework.test.context.cache - Spring test ApplicationContext cache statistics: [DefaultContextCache@224b4d61 size = 1, maxSize = 32, parentContextCount = 0, hitCount = 26, missCount = 1]
08:29:50.856 [Test worker] DEBUG org.springframework.test.context.cache.DefaultCacheAwareContextLoaderDelegate - Retrieved ApplicationContext [1076071888] from cache with key [[MergedContextConfiguration@27d4a09 testClass = I18NTest, locations = '{}', classes = '{class c05.I18NConfiguration}', contextInitializerClasses = '[]', activeProfiles = '{}', propertySourceLocations = '{}', propertySourceProperties = '{}', contextCustomizers = set[[empty]], contextLoader = 'org.springframework.test.context.support.DelegatingSmartContextLoader', parent = [null]]]
08:29:50.856 [Test worker] DEBUG org.springframework.test.context.cache - Spring test ApplicationContext cache statistics: [DefaultContextCache@224b4d61 size = 1, maxSize = 32, parentContextCount = 0, hitCount = 27, missCount = 1]
08:29:50.856 [Test worker] DEBUG org.springframework.test.context.cache.DefaultCacheAwareContextLoaderDelegate - Retrieved ApplicationContext [1076071888] from cache with key [[MergedContextConfiguration@27d4a09 testClass = I18NTest, locations = '{}', classes = '{class c05.I18NConfiguration}', contextInitializerClasses = '[]', activeProfiles = '{}', propertySourceLocations = '{}', propertySourceProperties = '{}', contextCustomizers = set[[empty]], contextLoader = 'org.springframework.test.context.support.DelegatingSmartContextLoader', parent = [null]]]
08:29:50.856 [Test worker] DEBUG org.springframework.test.context.cache - Spring test ApplicationContext cache statistics: [DefaultContextCache@224b4d61 size = 1, maxSize = 32, parentContextCount = 0, hitCount = 28, missCount = 1]
08:29:50.857 [Test worker] DEBUG org.springframework.test.context.cache.DefaultCacheAwareContextLoaderDelegate - Retrieved ApplicationContext [1076071888] from cache with key [[MergedContextConfiguration@27d4a09 testClass = I18NTest, locations = '{}', classes = '{class c05.I18NConfiguration}', contextInitializerClasses = '[]', activeProfiles = '{}', propertySourceLocations = '{}', propertySourceProperties = '{}', contextCustomizers = set[[empty]], contextLoader = 'org.springframework.test.context.support.DelegatingSmartContextLoader', parent = [null]]]
08:29:50.857 [Test worker] DEBUG org.springframework.test.context.cache - Spring test ApplicationContext cache statistics: [DefaultContextCache@224b4d61 size = 1, maxSize = 32, parentContextCount = 0, hitCount = 29, missCount = 1]
08:29:50.857 [Test worker] DEBUG org.springframework.test.context.support.AbstractDirtiesContextTestExecutionListener - After test method: context [DefaultTestContext@6d025197 testClass = I18NTest, testInstance = c05.I18NTest@2e48362c, testMethod = testTitle@I18NTest, testException = [null], mergedContextConfiguration = [MergedContextConfiguration@27d4a09 testClass = I18NTest, locations = '{}', classes = '{class c05.I18NConfiguration}', contextInitializerClasses = '[]', activeProfiles = '{}', propertySourceLocations = '{}', propertySourceProperties = '{}', contextCustomizers = set[[empty]], contextLoader = 'org.springframework.test.context.support.DelegatingSmartContextLoader', parent = [null]], attributes = map['org.springframework.test.context.event.ApplicationEventsTestExecutionListener.recordApplicationEvents' -> false]], class annotated with @DirtiesContext [false] with mode [null], method annotated with @DirtiesContext [false] with mode [null].
08:29:50.859 [Test worker] DEBUG org.springframework.test.context.support.AbstractDirtiesContextTestExecutionListener - Before test method: context [DefaultTestContext@6d025197 testClass = I18NTest, testInstance = c05.I18NTest@2e48362c, testMethod = testTitle@I18NTest, testException = [null], mergedContextConfiguration = [MergedContextConfiguration@27d4a09 testClass = I18NTest, locations = '{}', classes = '{class c05.I18NConfiguration}', contextInitializerClasses = '[]', activeProfiles = '{}', propertySourceLocations = '{}', propertySourceProperties = '{}', contextCustomizers = set[[empty]], contextLoader = 'org.springframework.test.context.support.DelegatingSmartContextLoader', parent = [null]], attributes = map['org.springframework.test.context.event.ApplicationEventsTestExecutionListener.recordApplicationEvents' -> false]], class annotated with @DirtiesContext [false] with mode [null], method annotated with @DirtiesContext [false] with mode [null].
08:29:50.859 [Test worker] DEBUG org.springframework.test.context.cache.DefaultCacheAwareContextLoaderDelegate - Retrieved ApplicationContext [1076071888] from cache with key [[MergedContextConfiguration@27d4a09 testClass = I18NTest, locations = '{}', classes = '{class c05.I18NConfiguration}', contextInitializerClasses = '[]', activeProfiles = '{}', propertySourceLocations = '{}', propertySourceProperties = '{}', contextCustomizers = set[[empty]], contextLoader = 'org.springframework.test.context.support.DelegatingSmartContextLoader', parent = [null]]]
08:29:50.859 [Test worker] DEBUG org.springframework.test.context.cache - Spring test ApplicationContext cache statistics: [DefaultContextCache@224b4d61 size = 1, maxSize = 32, parentContextCount = 0, hitCount = 30, missCount = 1]
08:29:50.859 [Test worker] DEBUG org.springframework.test.context.cache.DefaultCacheAwareContextLoaderDelegate - Retrieved ApplicationContext [1076071888] from cache with key [[MergedContextConfiguration@27d4a09 testClass = I18NTest, locations = '{}', classes = '{class c05.I18NConfiguration}', contextInitializerClasses = '[]', activeProfiles = '{}', propertySourceLocations = '{}', propertySourceProperties = '{}', contextCustomizers = set[[empty]], contextLoader = 'org.springframework.test.context.support.DelegatingSmartContextLoader', parent = [null]]]
08:29:50.859 [Test worker] DEBUG org.springframework.test.context.cache - Spring test ApplicationContext cache statistics: [DefaultContextCache@224b4d61 size = 1, maxSize = 32, parentContextCount = 0, hitCount = 31, missCount = 1]
08:29:50.859 [Test worker] DEBUG org.springframework.test.context.cache.DefaultCacheAwareContextLoaderDelegate - Retrieved ApplicationContext [1076071888] from cache with key [[MergedContextConfiguration@27d4a09 testClass = I18NTest, locations = '{}', classes = '{class c05.I18NConfiguration}', contextInitializerClasses = '[]', activeProfiles = '{}', propertySourceLocations = '{}', propertySourceProperties = '{}', contextCustomizers = set[[empty]], contextLoader = 'org.springframework.test.context.support.DelegatingSmartContextLoader', parent = [null]]]
08:29:50.859 [Test worker] DEBUG org.springframework.test.context.cache - Spring test ApplicationContext cache statistics: [DefaultContextCache@224b4d61 size = 1, maxSize = 32, parentContextCount = 0, hitCount = 32, missCount = 1]
08:29:50.860 [Test worker] DEBUG org.springframework.test.context.cache.DefaultCacheAwareContextLoaderDelegate - Retrieved ApplicationContext [1076071888] from cache with key [[MergedContextConfiguration@27d4a09 testClass = I18NTest, locations = '{}', classes = '{class c05.I18NConfiguration}', contextInitializerClasses = '[]', activeProfiles = '{}', propertySourceLocations = '{}', propertySourceProperties = '{}', contextCustomizers = set[[empty]], contextLoader = 'org.springframework.test.context.support.DelegatingSmartContextLoader', parent = [null]]]
08:29:50.860 [Test worker] DEBUG org.springframework.test.context.cache - Spring test ApplicationContext cache statistics: [DefaultContextCache@224b4d61 size = 1, maxSize = 32, parentContextCount = 0, hitCount = 33, missCount = 1]
08:29:50.860 [Test worker] DEBUG org.springframework.test.context.support.AbstractDirtiesContextTestExecutionListener - After test method: context [DefaultTestContext@6d025197 testClass = I18NTest, testInstance = c05.I18NTest@2e48362c, testMethod = testTitle@I18NTest, testException = [null], mergedContextConfiguration = [MergedContextConfiguration@27d4a09 testClass = I18NTest, locations = '{}', classes = '{class c05.I18NConfiguration}', contextInitializerClasses = '[]', activeProfiles = '{}', propertySourceLocations = '{}', propertySourceProperties = '{}', contextCustomizers = set[[empty]], contextLoader = 'org.springframework.test.context.support.DelegatingSmartContextLoader', parent = [null]], attributes = map['org.springframework.test.context.event.ApplicationEventsTestExecutionListener.recordApplicationEvents' -> false]], class annotated with @DirtiesContext [false] with mode [null], method annotated with @DirtiesContext [false] with mode [null].
08:29:50.861 [Test worker] DEBUG org.springframework.test.context.support.AbstractDirtiesContextTestExecutionListener - Before test method: context [DefaultTestContext@6d025197 testClass = I18NTest, testInstance = c05.I18NTest@2e48362c, testMethod = testTitle@I18NTest, testException = [null], mergedContextConfiguration = [MergedContextConfiguration@27d4a09 testClass = I18NTest, locations = '{}', classes = '{class c05.I18NConfiguration}', contextInitializerClasses = '[]', activeProfiles = '{}', propertySourceLocations = '{}', propertySourceProperties = '{}', contextCustomizers = set[[empty]], contextLoader = 'org.springframework.test.context.support.DelegatingSmartContextLoader', parent = [null]], attributes = map['org.springframework.test.context.event.ApplicationEventsTestExecutionListener.recordApplicationEvents' -> false]], class annotated with @DirtiesContext [false] with mode [null], method annotated with @DirtiesContext [false] with mode [null].
08:29:50.861 [Test worker] DEBUG org.springframework.test.context.cache.DefaultCacheAwareContextLoaderDelegate - Retrieved ApplicationContext [1076071888] from cache with key [[MergedContextConfiguration@27d4a09 testClass = I18NTest, locations = '{}', classes = '{class c05.I18NConfiguration}', contextInitializerClasses = '[]', activeProfiles = '{}', propertySourceLocations = '{}', propertySourceProperties = '{}', contextCustomizers = set[[empty]], contextLoader = 'org.springframework.test.context.support.DelegatingSmartContextLoader', parent = [null]]]
08:29:50.861 [Test worker] DEBUG org.springframework.test.context.cache - Spring test ApplicationContext cache statistics: [DefaultContextCache@224b4d61 size = 1, maxSize = 32, parentContextCount = 0, hitCount = 34, missCount = 1]
08:29:50.861 [Test worker] DEBUG org.springframework.test.context.cache.DefaultCacheAwareContextLoaderDelegate - Retrieved ApplicationContext [1076071888] from cache with key [[MergedContextConfiguration@27d4a09 testClass = I18NTest, locations = '{}', classes = '{class c05.I18NConfiguration}', contextInitializerClasses = '[]', activeProfiles = '{}', propertySourceLocations = '{}', propertySourceProperties = '{}', contextCustomizers = set[[empty]], contextLoader = 'org.springframework.test.context.support.DelegatingSmartContextLoader', parent = [null]]]
08:29:50.861 [Test worker] DEBUG org.springframework.test.context.cache - Spring test ApplicationContext cache statistics: [DefaultContextCache@224b4d61 size = 1, maxSize = 32, parentContextCount = 0, hitCount = 35, missCount = 1]
08:29:50.861 [Test worker] DEBUG org.springframework.test.context.cache.DefaultCacheAwareContextLoaderDelegate - Retrieved ApplicationContext [1076071888] from cache with key [[MergedContextConfiguration@27d4a09 testClass = I18NTest, locations = '{}', classes = '{class c05.I18NConfiguration}', contextInitializerClasses = '[]', activeProfiles = '{}', propertySourceLocations = '{}', propertySourceProperties = '{}', contextCustomizers = set[[empty]], contextLoader = 'org.springframework.test.context.support.DelegatingSmartContextLoader', parent = [null]]]
08:29:50.861 [Test worker] DEBUG org.springframework.test.context.cache - Spring test ApplicationContext cache statistics: [DefaultContextCache@224b4d61 size = 1, maxSize = 32, parentContextCount = 0, hitCount = 36, missCount = 1]
08:29:50.862 [Test worker] DEBUG org.springframework.test.context.cache.DefaultCacheAwareContextLoaderDelegate - Retrieved ApplicationContext [1076071888] from cache with key [[MergedContextConfiguration@27d4a09 testClass = I18NTest, locations = '{}', classes = '{class c05.I18NConfiguration}', contextInitializerClasses = '[]', activeProfiles = '{}', propertySourceLocations = '{}', propertySourceProperties = '{}', contextCustomizers = set[[empty]], contextLoader = 'org.springframework.test.context.support.DelegatingSmartContextLoader', parent = [null]]]
08:29:50.862 [Test worker] DEBUG org.springframework.test.context.cache - Spring test ApplicationContext cache statistics: [DefaultContextCache@224b4d61 size = 1, maxSize = 32, parentContextCount = 0, hitCount = 37, missCount = 1]
08:29:50.862 [Test worker] DEBUG org.springframework.test.context.support.AbstractDirtiesContextTestExecutionListener - After test method: context [DefaultTestContext@6d025197 testClass = I18NTest, testInstance = c05.I18NTest@2e48362c, testMethod = testTitle@I18NTest, testException = [null], mergedContextConfiguration = [MergedContextConfiguration@27d4a09 testClass = I18NTest, locations = '{}', classes = '{class c05.I18NConfiguration}', contextInitializerClasses = '[]', activeProfiles = '{}', propertySourceLocations = '{}', propertySourceProperties = '{}', contextCustomizers = set[[empty]], contextLoader = 'org.springframework.test.context.support.DelegatingSmartContextLoader', parent = [null]], attributes = map['org.springframework.test.context.event.ApplicationEventsTestExecutionListener.recordApplicationEvents' -> false]], class annotated with @DirtiesContext [false] with mode [null], method annotated with @DirtiesContext [false] with mode [null].
]]></system-out>
  <system-err><![CDATA[]]></system-err>
</testsuite>
