<?xml version="1.0" encoding="UTF-8"?>
<testsuite name="md.ControllerTest" tests="7" skipped="0" failures="0" errors="0" timestamp="2023-07-24T12:31:28" hostname="DESKTOP-V3QDITO" time="0.503">
  <properties/>
  <testcase name="testDeleteDocument" classname="md.ControllerTest" time="0.274"/>
  <testcase name="testGetAllDocuments" classname="md.ControllerTest" time="0.081"/>
  <testcase name="testGetBadDocument" classname="md.ControllerTest" time="0.074"/>
  <testcase name="testGetDocument" classname="md.ControllerTest" time="0.006"/>
  <testcase name="testPostDocument" classname="md.ControllerTest" time="0.027"/>
  <testcase name="testPutDocument" classname="md.ControllerTest" time="0.013"/>
  <testcase name="testPutDocumentWithBadId" classname="md.ControllerTest" time="0.012"/>
  <system-out><![CDATA[08:31:25.086 [Test worker] DEBUG org.springframework.test.context.support.AbstractDirtiesContextTestExecutionListener - Before test class: context [DefaultTestContext@6fff253c testClass = ControllerTest, testInstance = [null], testMethod = [null], testException = [null], mergedContextConfiguration = [WebMergedContextConfiguration@6c6357f9 testClass = ControllerTest, locations = '{}', classes = '{class md.MyDocsApp}', contextInitializerClasses = '[]', activeProfiles = '{}', propertySourceLocations = '{}', propertySourceProperties = '{org.springframework.boot.test.context.SpringBootTestContextBootstrapper=true, server.port=0}', contextCustomizers = set[org.springframework.boot.test.autoconfigure.actuate.metrics.MetricsExportContextCustomizerFactory$DisableMetricExportContextCustomizer@5be46f9d, org.springframework.boot.test.autoconfigure.properties.PropertyMappingContextCustomizer@0, org.springframework.boot.test.autoconfigure.web.servlet.WebDriverContextCustomizerFactory$Customizer@7a55af6b, org.springframework.boot.test.context.filter.ExcludeFilterContextCustomizer@8576fa0, org.springframework.boot.test.json.DuplicateJsonObjectContextCustomizerFactory$DuplicateJsonObjectContextCustomizer@6c2c1385, org.springframework.boot.test.mock.mockito.MockitoContextCustomizer@0, org.springframework.boot.test.web.client.TestRestTemplateContextCustomizer@9ebe38b, org.springframework.boot.test.context.SpringBootTestArgs@1, org.springframework.boot.test.context.SpringBootTestWebEnvironment@59d4cd39], resourceBasePath = 'src/main/webapp', contextLoader = 'org.springframework.boot.test.context.SpringBootContextLoader', parent = [null]], attributes = map['org.springframework.test.context.web.ServletTestExecutionListener.activateListener' -> false]], class annotated with @DirtiesContext [false] with mode [null].
08:31:25.089 [Test worker] DEBUG org.springframework.test.context.support.DependencyInjectionTestExecutionListener - Performing dependency injection for test context [[DefaultTestContext@6fff253c testClass = ControllerTest, testInstance = md.ControllerTest@18245eb0, testMethod = [null], testException = [null], mergedContextConfiguration = [WebMergedContextConfiguration@6c6357f9 testClass = ControllerTest, locations = '{}', classes = '{class md.MyDocsApp}', contextInitializerClasses = '[]', activeProfiles = '{}', propertySourceLocations = '{}', propertySourceProperties = '{org.springframework.boot.test.context.SpringBootTestContextBootstrapper=true, server.port=0}', contextCustomizers = set[org.springframework.boot.test.autoconfigure.actuate.metrics.MetricsExportContextCustomizerFactory$DisableMetricExportContextCustomizer@5be46f9d, org.springframework.boot.test.autoconfigure.properties.PropertyMappingContextCustomizer@0, org.springframework.boot.test.autoconfigure.web.servlet.WebDriverContextCustomizerFactory$Customizer@7a55af6b, org.springframework.boot.test.context.filter.ExcludeFilterContextCustomizer@8576fa0, org.springframework.boot.test.json.DuplicateJsonObjectContextCustomizerFactory$DuplicateJsonObjectContextCustomizer@6c2c1385, org.springframework.boot.test.mock.mockito.MockitoContextCustomizer@0, org.springframework.boot.test.web.client.TestRestTemplateContextCustomizer@9ebe38b, org.springframework.boot.test.context.SpringBootTestArgs@1, org.springframework.boot.test.context.SpringBootTestWebEnvironment@59d4cd39], resourceBasePath = 'src/main/webapp', contextLoader = 'org.springframework.boot.test.context.SpringBootContextLoader', parent = [null]], attributes = map['org.springframework.test.context.web.ServletTestExecutionListener.activateListener' -> false, 'org.springframework.test.context.event.ApplicationEventsTestExecutionListener.recordApplicationEvents' -> false]]].

  .   ____          _            __ _ _
 /\\ / ___'_ __ _ _(_)_ __  __ _ \ \ \ \
( ( )\___ | '_ | '_| | '_ \/ _` | \ \ \ \
 \\/  ___)| |_)| | | | | || (_| |  ) ) ) )
  '  |____| .__|_| |_|_| |_\__, | / / / /
 =========|_|==============|___/=/_/_/_/
 :: Spring Boot ::             (v3.0.0-M3)

2023-07-24T08:31:25.348-04:00  INFO 142360 --- [    Test worker] md.ControllerTest                        : Starting ControllerTest using Java 17.0.7 on DESKTOP-V3QDITO with PID 142360 (C:\Users\willi\Downloads\cop2806cmod10gpa-3175283\isf6\chapter10\build\classes\java\test started by willi in C:\Users\willi\Downloads\cop2806cmod10gpa-3175283\isf6\chapter10)
2023-07-24T08:31:25.349-04:00  INFO 142360 --- [    Test worker] md.ControllerTest                        : No active profile set, falling back to 1 default profile: "default"
2023-07-24T08:31:25.749-04:00  INFO 142360 --- [    Test worker] .s.d.r.c.RepositoryConfigurationDelegate : Bootstrapping Spring Data JPA repositories in DEFAULT mode.
2023-07-24T08:31:25.791-04:00  INFO 142360 --- [    Test worker] .s.d.r.c.RepositoryConfigurationDelegate : Finished Spring Data repository scanning in 33 ms. Found 1 JPA repository interfaces.
2023-07-24T08:31:26.460-04:00  INFO 142360 --- [    Test worker] o.s.b.w.embedded.tomcat.TomcatWebServer  : Tomcat initialized with port(s): 0 (http)
2023-07-24T08:31:26.469-04:00  INFO 142360 --- [    Test worker] o.apache.catalina.core.StandardService   : Starting service [Tomcat]
2023-07-24T08:31:26.470-04:00  INFO 142360 --- [    Test worker] org.apache.catalina.core.StandardEngine  : Starting Servlet engine: [Apache Tomcat/10.0.21]
2023-07-24T08:31:26.575-04:00  INFO 142360 --- [    Test worker] o.a.c.c.C.[Tomcat].[localhost].[/]       : Initializing Spring embedded WebApplicationContext
2023-07-24T08:31:26.576-04:00  INFO 142360 --- [    Test worker] w.s.c.ServletWebServerApplicationContext : Root WebApplicationContext: initialization completed in 1200 ms
2023-07-24T08:31:26.722-04:00  INFO 142360 --- [    Test worker] com.zaxxer.hikari.HikariDataSource       : HikariPool-1 - Starting...
2023-07-24T08:31:26.920-04:00  INFO 142360 --- [    Test worker] com.zaxxer.hikari.pool.HikariPool        : HikariPool-1 - Added connection conn0: url=jdbc:h2:mem:9cceb3ed-ac41-4229-9226-33074dac5cc9 user=SA
2023-07-24T08:31:26.922-04:00  INFO 142360 --- [    Test worker] com.zaxxer.hikari.HikariDataSource       : HikariPool-1 - Start completed.
2023-07-24T08:31:26.975-04:00  INFO 142360 --- [    Test worker] o.hibernate.jpa.internal.util.LogHelper  : HHH000204: Processing PersistenceUnitInfo [name: default]
2023-07-24T08:31:27.052-04:00  INFO 142360 --- [    Test worker] org.hibernate.Version                    : HHH000412: Hibernate ORM core version 5.6.9.Final
2023-07-24T08:31:27.264-04:00  INFO 142360 --- [    Test worker] o.hibernate.annotations.common.Version   : HCANN000001: Hibernate Commons Annotations {5.1.2.Final}
2023-07-24T08:31:27.409-04:00  INFO 142360 --- [    Test worker] org.hibernate.dialect.Dialect            : HHH000400: Using dialect: org.hibernate.dialect.H2Dialect
2023-07-24T08:31:27.963-04:00  INFO 142360 --- [    Test worker] o.h.t.schema.internal.SchemaCreatorImpl  : HHH000476: Executing import script 'file:/C:/Users/willi/Downloads/cop2806cmod10gpa-3175283/isf6/chapter10/build/resources/test/import.sql'
2023-07-24T08:31:27.982-04:00  INFO 142360 --- [    Test worker] o.h.e.t.j.p.i.JtaPlatformInitiator       : HHH000490: Using JtaPlatform implementation: [org.hibernate.engine.transaction.jta.platform.internal.NoJtaPlatform]
2023-07-24T08:31:27.991-04:00  INFO 142360 --- [    Test worker] j.LocalContainerEntityManagerFactoryBean : Initialized JPA EntityManagerFactory for persistence unit 'default'
2023-07-24T08:31:28.387-04:00  WARN 142360 --- [    Test worker] JpaBaseConfiguration$JpaWebConfiguration : spring.jpa.open-in-view is enabled by default. Therefore, database queries may be performed during view rendering. Explicitly configure spring.jpa.open-in-view to disable this warning
2023-07-24T08:31:28.721-04:00  INFO 142360 --- [    Test worker] o.s.b.w.embedded.tomcat.TomcatWebServer  : Tomcat started on port(s): 63744 (http) with context path ''
2023-07-24T08:31:28.729-04:00  INFO 142360 --- [    Test worker] md.ControllerTest                        : Started ControllerTest in 3.616 seconds (process running for 4.743)
2023-07-24T08:31:28.927-04:00  INFO 142360 --- [o-auto-1-exec-1] o.a.c.c.C.[Tomcat].[localhost].[/]       : Initializing Spring DispatcherServlet 'dispatcherServlet'
2023-07-24T08:31:28.927-04:00  INFO 142360 --- [o-auto-1-exec-1] o.s.web.servlet.DispatcherServlet        : Initializing Servlet 'dispatcherServlet'
2023-07-24T08:31:28.928-04:00  INFO 142360 --- [o-auto-1-exec-1] o.s.web.servlet.DispatcherServlet        : Completed initialization in 1 ms
]]></system-out>
  <system-err><![CDATA[]]></system-err>
</testsuite>
